[ 2018-10-12T09:56:32+08:00 ] 127.0.0.1 /index.php/seller/Admin/login.html
INFO: [ app_init ] --START--
INFO: Run Behavior\BuildLiteBehavior [ RunTime:0.000028s ]
INFO: [ app_init ] --END-- [ RunTime:0.000422s ]
INFO: [ app_begin ] --START--
INFO: Run Behavior\ReadHtmlCacheBehavior [ RunTime:0.000324s ]
INFO: [ app_begin ] --END-- [ RunTime:0.000359s ]
NOTIC: [8] Undefined index: seller/admin C:\MyProgram\myWeb\tp_shop\Application\Seller\Common\function.php 第 51 行.
NOTIC: [8] Undefined index: seller/admin C:\MyProgram\myWeb\tp_shop\Application\Seller\Common\function.php 第 52 行.
INFO: [ view_begin ] --START--
INFO: Run Home\Behaviors\testBehavior [ RunTime:0.000722s ]
INFO: [ view_begin ] --END-- [ RunTime:0.000804s ]
INFO: [ view_parse ] --START--
INFO: [ template_filter ] --START--
INFO: Run Behavior\ContentReplaceBehavior [ RunTime:0.000031s ]
INFO: [ template_filter ] --END-- [ RunTime:0.000055s ]
INFO: Run Behavior\ParseTemplateBehavior [ RunTime:0.005399s ]
INFO: [ view_parse ] --END-- [ RunTime:0.005427s ]
INFO: [ view_filter ] --START--
INFO: Run Behavior\WriteHtmlCacheBehavior [ RunTime:0.000174s ]
INFO: Run Behavior\TokenBuildBehavior [ RunTime:0.000427s ]
INFO: [ view_filter ] --END-- [ RunTime:0.000631s ]
INFO: [ app_end ] --START--
INFO: Run Behavior\ShowPageTraceBehavior [ RunTime:0.000282s ]
INFO: [ app_end ] --END-- [ RunTime:0.000301s ]

[ 2018-10-12T09:56:33+08:00 ] 127.0.0.1 /index.php/Seller/Admin/vertify
INFO: [ app_init ] --START--
INFO: Run Behavior\BuildLiteBehavior [ RunTime:0.000008s ]
INFO: [ app_init ] --END-- [ RunTime:0.000213s ]
INFO: [ app_begin ] --START--
INFO: Run Behavior\ReadHtmlCacheBehavior [ RunTime:0.000328s ]
INFO: [ app_begin ] --END-- [ RunTime:0.000363s ]
NOTIC: [8] Undefined index: seller/admin C:\MyProgram\myWeb\tp_shop\Application\Seller\Common\function.php 第 51 行.
NOTIC: [8] Undefined index: seller/admin C:\MyProgram\myWeb\tp_shop\Application\Seller\Common\function.php 第 52 行.
INFO: [ app_end ] --START--
INFO: Run Behavior\ShowPageTraceBehavior [ RunTime:0.000314s ]
INFO: [ app_end ] --END-- [ RunTime:0.000350s ]

[ 2018-10-12T11:00:17+08:00 ] 127.0.0.1 /index.php?m=Seller&c=Admin&a=login&t=0.37954199256029386
INFO: [ app_init ] --START--
INFO: Run Behavior\BuildLiteBehavior [ RunTime:0.000006s ]
INFO: [ app_init ] --END-- [ RunTime:0.000224s ]
INFO: [ app_begin ] --START--
INFO: Run Behavior\ReadHtmlCacheBehavior [ RunTime:0.000320s ]
INFO: [ app_begin ] --END-- [ RunTime:0.000353s ]
NOTIC: [8] Undefined index: seller/admin C:\MyProgram\myWeb\tp_shop\Application\Seller\Common\function.php 第 51 行.
NOTIC: [8] Undefined index: seller/admin C:\MyProgram\myWeb\tp_shop\Application\Seller\Common\function.php 第 52 行.

[ 2018-10-12T11:00:19+08:00 ] 127.0.0.1 /index.php?m=Seller&c=Admin&a=vertify&r=65
INFO: [ app_init ] --START--
INFO: Run Behavior\BuildLiteBehavior [ RunTime:0.000006s ]
INFO: [ app_init ] --END-- [ RunTime:0.000195s ]
INFO: [ app_begin ] --START--
INFO: Run Behavior\ReadHtmlCacheBehavior [ RunTime:0.000260s ]
INFO: [ app_begin ] --END-- [ RunTime:0.000287s ]
NOTIC: [8] Undefined index: seller/admin C:\MyProgram\myWeb\tp_shop\Application\Seller\Common\function.php 第 51 行.
NOTIC: [8] Undefined index: seller/admin C:\MyProgram\myWeb\tp_shop\Application\Seller\Common\function.php 第 52 行.
INFO: [ app_end ] --START--
INFO: Run Behavior\ShowPageTraceBehavior [ RunTime:0.000399s ]
INFO: [ app_end ] --END-- [ RunTime:0.000435s ]

[ 2018-10-12T11:00:22+08:00 ] 127.0.0.1 /index.php?m=Seller&c=Admin&a=login&t=0.5098569093432137
INFO: [ app_init ] --START--
INFO: Run Behavior\BuildLiteBehavior [ RunTime:0.000007s ]
INFO: [ app_init ] --END-- [ RunTime:0.000205s ]
INFO: [ app_begin ] --START--
INFO: Run Behavior\ReadHtmlCacheBehavior [ RunTime:0.000253s ]
INFO: [ app_begin ] --END-- [ RunTime:0.000279s ]
NOTIC: [8] Undefined index: seller/admin C:\MyProgram\myWeb\tp_shop\Application\Seller\Common\function.php 第 51 行.
NOTIC: [8] Undefined index: seller/admin C:\MyProgram\myWeb\tp_shop\Application\Seller\Common\function.php 第 52 行.

[ 2018-10-12T11:00:26+08:00 ] 127.0.0.1 /index.php/Seller/Index/index
INFO: [ app_init ] --START--
INFO: Run Behavior\BuildLiteBehavior [ RunTime:0.000008s ]
INFO: [ app_init ] --END-- [ RunTime:0.000220s ]
INFO: [ app_begin ] --START--
INFO: Run Behavior\ReadHtmlCacheBehavior [ RunTime:0.000264s ]
INFO: [ app_begin ] --END-- [ RunTime:0.000293s ]
NOTIC: [8] Undefined index: seller/index C:\MyProgram\myWeb\tp_shop\Application\Seller\Common\function.php 第 51 行.
NOTIC: [8] Undefined index: seller/index C:\MyProgram\myWeb\tp_shop\Application\Seller\Common\function.php 第 52 行.
NOTIC: [2] file_get_contents(http://service.tp-shop.cn/index.php?m=Home&amp;c=Index&amp;a=user_push&amp;domain=wstmart.com&amp;last_domain=wstmart.com&amp;key_num=v1.0.0&amp;install_time=1494946460&amp;cpu=0001&amp;mac=0002&amp;serial_number=20170516105420KfPCm7): failed to open stream: HTTP request failed!  C:\MyProgram\myWeb\tp_shop\Application\Seller\Controller\IndexController.class.php 第 193 行.
NOTIC: [8] Undefined index: act_limits C:\MyProgram\myWeb\tp_shop\Application\Seller\Controller\IndexController.class.php 第 21 行.
INFO: [ view_begin ] --START--
INFO: Run Home\Behaviors\testBehavior [ RunTime:0.000617s ]
INFO: [ view_begin ] --END-- [ RunTime:0.000645s ]
INFO: [ view_parse ] --START--
INFO: [ template_filter ] --START--
INFO: Run Behavior\ContentReplaceBehavior [ RunTime:0.000037s ]
INFO: [ template_filter ] --END-- [ RunTime:0.000060s ]
INFO: Run Behavior\ParseTemplateBehavior [ RunTime:0.009791s ]
INFO: [ view_parse ] --END-- [ RunTime:0.009817s ]
INFO: [ view_filter ] --START--
INFO: Run Behavior\WriteHtmlCacheBehavior [ RunTime:0.000181s ]
INFO: Run Behavior\TokenBuildBehavior [ RunTime:0.000702s ]
INFO: [ view_filter ] --END-- [ RunTime:0.000912s ]
INFO: [ app_end ] --START--
INFO: Run Behavior\ShowPageTraceBehavior [ RunTime:0.000468s ]
INFO: [ app_end ] --END-- [ RunTime:0.000512s ]

[ 2018-10-12T11:00:27+08:00 ] 127.0.0.1 /index.php/Seller/Index/welcome
INFO: [ app_init ] --START--
INFO: Run Behavior\BuildLiteBehavior [ RunTime:0.000007s ]
INFO: [ app_init ] --END-- [ RunTime:0.000211s ]
INFO: [ app_begin ] --START--
INFO: Run Behavior\ReadHtmlCacheBehavior [ RunTime:0.000277s ]
INFO: [ app_begin ] --END-- [ RunTime:0.000306s ]
NOTIC: [8] Undefined index: seller/index C:\MyProgram\myWeb\tp_shop\Application\Seller\Common\function.php 第 51 行.
NOTIC: [8] Undefined index: seller/index C:\MyProgram\myWeb\tp_shop\Application\Seller\Common\function.php 第 52 行.
INFO: [ view_begin ] --START--
INFO: Run Home\Behaviors\testBehavior [ RunTime:0.000556s ]
INFO: [ view_begin ] --END-- [ RunTime:0.000599s ]
INFO: [ view_parse ] --START--
INFO: [ template_filter ] --START--
INFO: Run Behavior\ContentReplaceBehavior [ RunTime:0.000053s ]
INFO: [ template_filter ] --END-- [ RunTime:0.000078s ]
NOTIC: [8] Use of undefined constant store_id - assumed 'store_id' C:\MyProgram\myWeb\tp_shop\Application\Runtime\Cache\Seller\2c4075b0ad2d7ac34d0c65c9a2a286bb.php 第 138 行.
NOTIC: [8] Use of undefined constant store_state - assumed 'store_state' C:\MyProgram\myWeb\tp_shop\Application\Runtime\Cache\Seller\2c4075b0ad2d7ac34d0c65c9a2a286bb.php 第 143 行.
INFO: Run Behavior\ParseTemplateBehavior [ RunTime:0.010028s ]
INFO: [ view_parse ] --END-- [ RunTime:0.010054s ]
INFO: [ view_filter ] --START--
INFO: Run Behavior\WriteHtmlCacheBehavior [ RunTime:0.000147s ]
INFO: Run Behavior\TokenBuildBehavior [ RunTime:0.000539s ]
INFO: [ view_filter ] --END-- [ RunTime:0.000713s ]
INFO: [ app_end ] --START--
INFO: Run Behavior\ShowPageTraceBehavior [ RunTime:0.000298s ]
INFO: [ app_end ] --END-- [ RunTime:0.000317s ]

[ 2018-10-12T11:00:28+08:00 ] 127.0.0.1 /index.php/Seller/Admin/login_task
INFO: [ app_init ] --START--
INFO: Run Behavior\BuildLiteBehavior [ RunTime:0.000007s ]
INFO: [ app_init ] --END-- [ RunTime:0.000242s ]
INFO: [ app_begin ] --START--
INFO: Run Behavior\ReadHtmlCacheBehavior [ RunTime:0.000276s ]
INFO: [ app_begin ] --END-- [ RunTime:0.000305s ]
NOTIC: [8] Undefined index: seller/admin C:\MyProgram\myWeb\tp_shop\Application\Seller\Common\function.php 第 51 行.
NOTIC: [8] Undefined index: seller/admin C:\MyProgram\myWeb\tp_shop\Application\Seller\Common\function.php 第 52 行.
INFO: [ app_end ] --START--
INFO: Run Behavior\ShowPageTraceBehavior [ RunTime:0.000483s ]
INFO: [ app_end ] --END-- [ RunTime:0.000522s ]

[ 2018-10-12T11:00:38+08:00 ] 127.0.0.1 /index.php/Seller/Goods/addEditGoods
INFO: [ app_init ] --START--
INFO: Run Behavior\BuildLiteBehavior [ RunTime:0.000006s ]
INFO: [ app_init ] --END-- [ RunTime:0.000191s ]
INFO: [ app_begin ] --START--
INFO: Run Behavior\ReadHtmlCacheBehavior [ RunTime:0.000624s ]
INFO: [ app_begin ] --END-- [ RunTime:0.000669s ]
NOTIC: [8] Undefined index: seller/goods C:\MyProgram\myWeb\tp_shop\Application\Seller\Common\function.php 第 51 行.
NOTIC: [8] Undefined index: seller/goods C:\MyProgram\myWeb\tp_shop\Application\Seller\Common\function.php 第 52 行.
NOTIC: [8] Undefined index: is_ajax C:\MyProgram\myWeb\tp_shop\Application\Seller\Controller\GoodsController.class.php 第 138 行.
NOTIC: [8] Use of undefined constant id - assumed 'id' C:\MyProgram\myWeb\tp_shop\Application\Seller\Logic\GoodsLogic.class.php 第 452 行.
NOTIC: [8] Use of undefined constant id - assumed 'id' C:\MyProgram\myWeb\tp_shop\Application\Seller\Logic\GoodsLogic.class.php 第 452 行.
NOTIC: [8] Use of undefined constant id - assumed 'id' C:\MyProgram\myWeb\tp_shop\Application\Seller\Logic\GoodsLogic.class.php 第 452 行.
NOTIC: [8] Use of undefined constant id - assumed 'id' C:\MyProgram\myWeb\tp_shop\Application\Seller\Logic\GoodsLogic.class.php 第 452 行.
NOTIC: [8] Use of undefined constant cat_id - assumed 'cat_id' C:\MyProgram\myWeb\tp_shop\Application\Seller\Logic\GoodsLogic.class.php 第 452 行.
NOTIC: [8] Undefined index: cat_id C:\MyProgram\myWeb\tp_shop\Application\Seller\Logic\GoodsLogic.class.php 第 452 行.
NOTIC: [8] Use of undefined constant id - assumed 'id' C:\MyProgram\myWeb\tp_shop\Application\Seller\Logic\GoodsLogic.class.php 第 452 行.
NOTIC: [8] Use of undefined constant cat_id - assumed 'cat_id' C:\MyProgram\myWeb\tp_shop\Application\Seller\Logic\GoodsLogic.class.php 第 452 行.
NOTIC: [8] Undefined index: cat_id C:\MyProgram\myWeb\tp_shop\Application\Seller\Logic\GoodsLogic.class.php 第 452 行.
NOTIC: [8] Use of undefined constant id - assumed 'id' C:\MyProgram\myWeb\tp_shop\Application\Seller\Logic\GoodsLogic.class.php 第 452 行.
NOTIC: [8] Use of undefined constant id - assumed 'id' C:\MyProgram\myWeb\tp_shop\Application\Seller\Logic\GoodsLogic.class.php 第 452 行.
NOTIC: [8] Use of undefined constant cat_id - assumed 'cat_id' C:\MyProgram\myWeb\tp_shop\Application\Seller\Logic\GoodsLogic.class.php 第 452 行.
NOTIC: [8] Undefined index: cat_id C:\MyProgram\myWeb\tp_shop\Application\Seller\Logic\GoodsLogic.class.php 第 452 行.
NOTIC: [8] Use of undefined constant id - assumed 'id' C:\MyProgram\myWeb\tp_shop\Application\Seller\Logic\GoodsLogic.class.php 第 452 行.
NOTIC: [8] Use of undefined constant id - assumed 'id' C:\MyProgram\myWeb\tp_shop\Application\Seller\Logic\GoodsLogic.class.php 第 452 行.
NOTIC: [8] Use of undefined constant cat_id - assumed 'cat_id' C:\MyProgram\myWeb\tp_shop\Application\Seller\Logic\GoodsLogic.class.php 第 452 行.
NOTIC: [8] Undefined index: cat_id C:\MyProgram\myWeb\tp_shop\Application\Seller\Logic\GoodsLogic.class.php 第 452 行.
NOTIC: [8] Use of undefined constant id - assumed 'id' C:\MyProgram\myWeb\tp_shop\Application\Seller\Logic\GoodsLogic.class.php 第 452 行.
NOTIC: [8] Use of undefined constant id - assumed 'id' C:\MyProgram\myWeb\tp_shop\Application\Seller\Logic\GoodsLogic.class.php 第 452 行.
NOTIC: [8] Use of undefined constant id - assumed 'id' C:\MyProgram\myWeb\tp_shop\Application\Seller\Logic\GoodsLogic.class.php 第 452 行.
NOTIC: [8] Use of undefined constant id - assumed 'id' C:\MyProgram\myWeb\tp_shop\Application\Seller\Logic\GoodsLogic.class.php 第 452 行.
NOTIC: [8] Use of undefined constant id - assumed 'id' C:\MyProgram\myWeb\tp_shop\Application\Seller\Logic\GoodsLogic.class.php 第 452 行.
NOTIC: [8] Use of undefined constant id - assumed 'id' C:\MyProgram\myWeb\tp_shop\Application\Seller\Logic\GoodsLogic.class.php 第 452 行.
NOTIC: [8] Use of undefined constant cat_id - assumed 'cat_id' C:\MyProgram\myWeb\tp_shop\Application\Seller\Logic\GoodsLogic.class.php 第 452 行.
NOTIC: [8] Undefined index: cat_id C:\MyProgram\myWeb\tp_shop\Application\Seller\Logic\GoodsLogic.class.php 第 452 行.
NOTIC: [8] Use of undefined constant id - assumed 'id' C:\MyProgram\myWeb\tp_shop\Application\Seller\Logic\GoodsLogic.class.php 第 452 行.
NOTIC: [8] Use of undefined constant id - assumed 'id' C:\MyProgram\myWeb\tp_shop\Application\Seller\Logic\GoodsLogic.class.php 第 452 行.
NOTIC: [8] Use of undefined constant id - assumed 'id' C:\MyProgram\myWeb\tp_shop\Application\Seller\Logic\GoodsLogic.class.php 第 452 行.
NOTIC: [8] Use of undefined constant id - assumed 'id' C:\MyProgram\myWeb\tp_shop\Application\Seller\Logic\GoodsLogic.class.php 第 452 行.
NOTIC: [8] Use of undefined constant id - assumed 'id' C:\MyProgram\myWeb\tp_shop\Application\Seller\Logic\GoodsLogic.class.php 第 452 行.
NOTIC: [8] Use of undefined constant id - assumed 'id' C:\MyProgram\myWeb\tp_shop\Application\Seller\Logic\GoodsLogic.class.php 第 452 行.
NOTIC: [8] Use of undefined constant id - assumed 'id' C:\MyProgram\myWeb\tp_shop\Application\Seller\Logic\GoodsLogic.class.php 第 452 行.
NOTIC: [8] Use of undefined constant id - assumed 'id' C:\MyProgram\myWeb\tp_shop\Application\Seller\Logic\GoodsLogic.class.php 第 452 行.
NOTIC: [8] Use of undefined constant cat_id - assumed 'cat_id' C:\MyProgram\myWeb\tp_shop\Application\Seller\Logic\GoodsLogic.class.php 第 452 行.
NOTIC: [8] Undefined index: cat_id C:\MyProgram\myWeb\tp_shop\Application\Seller\Logic\GoodsLogic.class.php 第 452 行.
NOTIC: [8] Use of undefined constant id - assumed 'id' C:\MyProgram\myWeb\tp_shop\Application\Seller\Logic\GoodsLogic.class.php 第 452 行.
NOTIC: [8] Use of undefined constant id - assumed 'id' C:\MyProgram\myWeb\tp_shop\Application\Seller\Logic\GoodsLogic.class.php 第 452 行.
NOTIC: [8] Use of undefined constant id - assumed 'id' C:\MyProgram\myWeb\tp_shop\Application\Seller\Logic\GoodsLogic.class.php 第 452 行.
NOTIC: [8] Use of undefined constant id - assumed 'id' C:\MyProgram\myWeb\tp_shop\Application\Seller\Logic\GoodsLogic.class.php 第 452 行.
NOTIC: [8] Use of undefined constant id - assumed 'id' C:\MyProgram\myWeb\tp_shop\Application\Seller\Logic\GoodsLogic.class.php 第 452 行.
NOTIC: [8] Use of undefined constant id - assumed 'id' C:\MyProgram\myWeb\tp_shop\Application\Seller\Logic\GoodsLogic.class.php 第 452 行.
NOTIC: [8] Use of undefined constant id - assumed 'id' C:\MyProgram\myWeb\tp_shop\Application\Seller\Logic\GoodsLogic.class.php 第 452 行.
NOTIC: [8] Use of undefined constant id - assumed 'id' C:\MyProgram\myWeb\tp_shop\Application\Seller\Logic\GoodsLogic.class.php 第 452 行.
NOTIC: [8] Use of undefined constant id - assumed 'id' C:\MyProgram\myWeb\tp_shop\Application\Seller\Logic\GoodsLogic.class.php 第 452 行.
NOTIC: [8] Use of undefined constant id - assumed 'id' C:\MyProgram\myWeb\tp_shop\Application\Seller\Logic\GoodsLogic.class.php 第 452 行.
NOTIC: [8] Use of undefined constant id - assumed 'id' C:\MyProgram\myWeb\tp_shop\Application\Seller\Logic\GoodsLogic.class.php 第 452 行.
NOTIC: [8] Use of undefined constant id - assumed 'id' C:\MyProgram\myWeb\tp_shop\Application\Seller\Logic\GoodsLogic.class.php 第 452 行.
NOTIC: [8] Use of undefined constant id - assumed 'id' C:\MyProgram\myWeb\tp_shop\Application\Seller\Logic\GoodsLogic.class.php 第 452 行.
NOTIC: [8] Use of undefined constant id - assumed 'id' C:\MyProgram\myWeb\tp_shop\Application\Seller\Logic\GoodsLogic.class.php 第 452 行.
NOTIC: [8] Use of undefined constant id - assumed 'id' C:\MyProgram\myWeb\tp_shop\Application\Seller\Logic\GoodsLogic.class.php 第 452 行.
NOTIC: [8] Use of undefined constant id - assumed 'id' C:\MyProgram\myWeb\tp_shop\Application\Seller\Logic\GoodsLogic.class.php 第 452 行.
NOTIC: [8] Use of undefined constant cat_id - assumed 'cat_id' C:\MyProgram\myWeb\tp_shop\Application\Seller\Logic\GoodsLogic.class.php 第 452 行.
NOTIC: [8] Undefined index: cat_id C:\MyProgram\myWeb\tp_shop\Application\Seller\Logic\GoodsLogic.class.php 第 452 行.
NOTIC: [8] Use of undefined constant id - assumed 'id' C:\MyProgram\myWeb\tp_shop\Application\Seller\Logic\GoodsLogic.class.php 第 452 行.
NOTIC: [8] Use of undefined constant id - assumed 'id' C:\MyProgram\myWeb\tp_shop\Application\Seller\Logic\GoodsLogic.class.php 第 452 行.
NOTIC: [8] Use of undefined constant id - assumed 'id' C:\MyProgram\myWeb\tp_shop\Application\Seller\Logic\GoodsLogic.class.php 第 452 行.
NOTIC: [8] Use of undefined constant id - assumed 'id' C:\MyProgram\myWeb\tp_shop\Application\Seller\Logic\GoodsLogic.class.php 第 452 行.
NOTIC: [8] Use of undefined constant cat_id - assumed 'cat_id' C:\MyProgram\myWeb\tp_shop\Application\Seller\Logic\GoodsLogic.class.php 第 452 行.
NOTIC: [8] Undefined index: cat_id C:\MyProgram\myWeb\tp_shop\Application\Seller\Logic\GoodsLogic.class.php 第 452 行.
NOTIC: [8] Use of undefined constant id - assumed 'id' C:\MyProgram\myWeb\tp_shop\Application\Seller\Logic\GoodsLogic.class.php 第 452 行.
NOTIC: [8] Use of undefined constant cat_id - assumed 'cat_id' C:\MyProgram\myWeb\tp_shop\Application\Seller\Logic\GoodsLogic.class.php 第 452 行.
NOTIC: [8] Undefined index: cat_id C:\MyProgram\myWeb\tp_shop\Application\Seller\Logic\GoodsLogic.class.php 第 452 行.
NOTIC: [8] Use of undefined constant id - assumed 'id' C:\MyProgram\myWeb\tp_shop\Application\Seller\Logic\GoodsLogic.class.php 第 452 行.
NOTIC: [8] Use of undefined constant id - assumed 'id' C:\MyProgram\myWeb\tp_shop\Application\Seller\Logic\GoodsLogic.class.php 第 452 行.
NOTIC: [8] Use of undefined constant id - assumed 'id' C:\MyProgram\myWeb\tp_shop\Application\Seller\Logic\GoodsLogic.class.php 第 452 行.
NOTIC: [8] Use of undefined constant cat_id - assumed 'cat_id' C:\MyProgram\myWeb\tp_shop\Application\Seller\Logic\GoodsLogic.class.php 第 452 行.
NOTIC: [8] Undefined index: cat_id C:\MyProgram\myWeb\tp_shop\Application\Seller\Logic\GoodsLogic.class.php 第 452 行.
NOTIC: [8] Use of undefined constant id - assumed 'id' C:\MyProgram\myWeb\tp_shop\Application\Seller\Logic\GoodsLogic.class.php 第 452 行.
NOTIC: [8] Use of undefined constant cat_id - assumed 'cat_id' C:\MyProgram\myWeb\tp_shop\Application\Seller\Logic\GoodsLogic.class.php 第 452 行.
NOTIC: [8] Undefined index: cat_id C:\MyProgram\myWeb\tp_shop\Application\Seller\Logic\GoodsLogic.class.php 第 452 行.
NOTIC: [8] Use of undefined constant id - assumed 'id' C:\MyProgram\myWeb\tp_shop\Application\Seller\Logic\GoodsLogic.class.php 第 452 行.
NOTIC: [8] Use of undefined constant cat_id - assumed 'cat_id' C:\MyProgram\myWeb\tp_shop\Application\Seller\Logic\GoodsLogic.class.php 第 452 行.
NOTIC: [8] Undefined index: cat_id C:\MyProgram\myWeb\tp_shop\Application\Seller\Logic\GoodsLogic.class.php 第 452 行.
NOTIC: [8] Use of undefined constant id - assumed 'id' C:\MyProgram\myWeb\tp_shop\Application\Seller\Logic\GoodsLogic.class.php 第 452 行.
NOTIC: [8] Use of undefined constant id - assumed 'id' C:\MyProgram\myWeb\tp_shop\Application\Seller\Logic\GoodsLogic.class.php 第 452 行.
NOTIC: [8] Use of undefined constant cat_id - assumed 'cat_id' C:\MyProgram\myWeb\tp_shop\Application\Seller\Logic\GoodsLogic.class.php 第 452 行.
NOTIC: [8] Undefined index: cat_id C:\MyProgram\myWeb\tp_shop\Application\Seller\Logic\GoodsLogic.class.php 第 452 行.
NOTIC: [8] Use of undefined constant id - assumed 'id' C:\MyProgram\myWeb\tp_shop\Application\Seller\Logic\GoodsLogic.class.php 第 452 行.
NOTIC: [8] Use of undefined constant cat_id - assumed 'cat_id' C:\MyProgram\myWeb\tp_shop\Application\Seller\Logic\GoodsLogic.class.php 第 452 行.
NOTIC: [8] Undefined index: cat_id C:\MyProgram\myWeb\tp_shop\Application\Seller\Logic\GoodsLogic.class.php 第 452 行.
NOTIC: [8] Use of undefined constant id - assumed 'id' C:\MyProgram\myWeb\tp_shop\Application\Seller\Logic\GoodsLogic.class.php 第 452 行.
NOTIC: [8] Use of undefined constant id - assumed 'id' C:\MyProgram\myWeb\tp_shop\Application\Seller\Logic\GoodsLogic.class.php 第 452 行.
NOTIC: [8] Use of undefined constant id - assumed 'id' C:\MyProgram\myWeb\tp_shop\Application\Seller\Logic\GoodsLogic.class.php 第 452 行.
NOTIC: [8] Use of undefined constant cat_id - assumed 'cat_id' C:\MyProgram\myWeb\tp_shop\Application\Seller\Logic\GoodsLogic.class.php 第 452 行.
NOTIC: [8] Undefined index: cat_id C:\MyProgram\myWeb\tp_shop\Application\Seller\Logic\GoodsLogic.class.php 第 452 行.
NOTIC: [8] Use of undefined constant id - assumed 'id' C:\MyProgram\myWeb\tp_shop\Application\Seller\Logic\GoodsLogic.class.php 第 452 行.
NOTIC: [8] Use of undefined constant cat_id - assumed 'cat_id' C:\MyProgram\myWeb\tp_shop\Application\Seller\Logic\GoodsLogic.class.php 第 452 行.
NOTIC: [8] Undefined index: cat_id C:\MyProgram\myWeb\tp_shop\Application\Seller\Logic\GoodsLogic.class.php 第 452 行.
NOTIC: [8] Use of undefined constant id - assumed 'id' C:\MyProgram\myWeb\tp_shop\Application\Seller\Logic\GoodsLogic.class.php 第 452 行.
NOTIC: [8] Use of undefined constant id - assumed 'id' C:\MyProgram\myWeb\tp_shop\Application\Seller\Logic\GoodsLogic.class.php 第 452 行.
NOTIC: [8] Use of undefined constant cat_id - assumed 'cat_id' C:\MyProgram\myWeb\tp_shop\Application\Seller\Logic\GoodsLogic.class.php 第 452 行.
NOTIC: [8] Undefined index: cat_id C:\MyProgram\myWeb\tp_shop\Application\Seller\Logic\GoodsLogic.class.php 第 452 行.
NOTIC: [8] Use of undefined constant id - assumed 'id' C:\MyProgram\myWeb\tp_shop\Application\Seller\Logic\GoodsLogic.class.php 第 452 行.
NOTIC: [8] Use of undefined constant cat_id - assumed 'cat_id' C:\MyProgram\myWeb\tp_shop\Application\Seller\Logic\GoodsLogic.class.php 第 452 行.
NOTIC: [8] Undefined index: cat_id C:\MyProgram\myWeb\tp_shop\Application\Seller\Logic\GoodsLogic.class.php 第 452 行.
NOTIC: [8] Use of undefined constant id - assumed 'id' C:\MyProgram\myWeb\tp_shop\Application\Seller\Logic\GoodsLogic.class.php 第 452 行.
NOTIC: [8] Use of undefined constant cat_id - assumed 'cat_id' C:\MyProgram\myWeb\tp_shop\Application\Seller\Logic\GoodsLogic.class.php 第 452 行.
NOTIC: [8] Undefined index: cat_id C:\MyProgram\myWeb\tp_shop\Application\Seller\Logic\GoodsLogic.class.php 第 452 行.
NOTIC: [8] Use of undefined constant id - assumed 'id' C:\MyProgram\myWeb\tp_shop\Application\Seller\Logic\GoodsLogic.class.php 第 452 行.
NOTIC: [8] Use of undefined constant id - assumed 'id' C:\MyProgram\myWeb\tp_shop\Application\Seller\Logic\GoodsLogic.class.php 第 452 行.
NOTIC: [8] Use of undefined constant id - assumed 'id' C:\MyProgram\myWeb\tp_shop\Application\Seller\Logic\GoodsLogic.class.php 第 452 行.
NOTIC: [8] Use of undefined constant cat_id - assumed 'cat_id' C:\MyProgram\myWeb\tp_shop\Application\Seller\Logic\GoodsLogic.class.php 第 452 行.
NOTIC: [8] Undefined index: cat_id C:\MyProgram\myWeb\tp_shop\Application\Seller\Logic\GoodsLogic.class.php 第 452 行.
NOTIC: [8] Use of undefined constant id - assumed 'id' C:\MyProgram\myWeb\tp_shop\Application\Seller\Logic\GoodsLogic.class.php 第 452 行.
NOTIC: [8] Use of undefined constant cat_id - assumed 'cat_id' C:\MyProgram\myWeb\tp_shop\Application\Seller\Logic\GoodsLogic.class.php 第 452 行.
NOTIC: [8] Undefined index: cat_id C:\MyProgram\myWeb\tp_shop\Application\Seller\Logic\GoodsLogic.class.php 第 452 行.
NOTIC: [8] Use of undefined constant id - assumed 'id' C:\MyProgram\myWeb\tp_shop\Application\Seller\Logic\GoodsLogic.class.php 第 452 行.
NOTIC: [8] Use of undefined constant cat_id - assumed 'cat_id' C:\MyProgram\myWeb\tp_shop\Application\Seller\Logic\GoodsLogic.class.php 第 452 行.
NOTIC: [8] Undefined index: cat_id C:\MyProgram\myWeb\tp_shop\Application\Seller\Logic\GoodsLogic.class.php 第 452 行.
NOTIC: [8] Use of undefined constant id - assumed 'id' C:\MyProgram\myWeb\tp_shop\Application\Seller\Logic\GoodsLogic.class.php 第 452 行.
NOTIC: [8] Use of undefined constant cat_id - assumed 'cat_id' C:\MyProgram\myWeb\tp_shop\Application\Seller\Logic\GoodsLogic.class.php 第 452 行.
NOTIC: [8] Undefined index: cat_id C:\MyProgram\myWeb\tp_shop\Application\Seller\Logic\GoodsLogic.class.php 第 452 行.
NOTIC: [8] Use of undefined constant id - assumed 'id' C:\MyProgram\myWeb\tp_shop\Application\Seller\Logic\GoodsLogic.class.php 第 452 行.
NOTIC: [8] Use of undefined constant cat_id - assumed 'cat_id' C:\MyProgram\myWeb\tp_shop\Application\Seller\Logic\GoodsLogic.class.php 第 452 行.
NOTIC: [8] Undefined index: cat_id C:\MyProgram\myWeb\tp_shop\Application\Seller\Logic\GoodsLogic.class.php 第 452 行.
NOTIC: [8] Use of undefined constant id - assumed 'id' C:\MyProgram\myWeb\tp_shop\Application\Seller\Logic\GoodsLogic.class.php 第 452 行.
NOTIC: [8] Use of undefined constant cat_id - assumed 'cat_id' C:\MyProgram\myWeb\tp_shop\Application\Seller\Logic\GoodsLogic.class.php 第 452 行.
NOTIC: [8] Undefined index: cat_id C:\MyProgram\myWeb\tp_shop\Application\Seller\Logic\GoodsLogic.class.php 第 452 行.
NOTIC: [8] Use of undefined constant id - assumed 'id' C:\MyProgram\myWeb\tp_shop\Application\Seller\Logic\GoodsLogic.class.php 第 452 行.
NOTIC: [8] Use of undefined constant id - assumed 'id' C:\MyProgram\myWeb\tp_shop\Application\Seller\Logic\GoodsLogic.class.php 第 452 行.
NOTIC: [8] Use of undefined constant cat_id - assumed 'cat_id' C:\MyProgram\myWeb\tp_shop\Application\Seller\Logic\GoodsLogic.class.php 第 452 行.
NOTIC: [8] Undefined index: cat_id C:\MyProgram\myWeb\tp_shop\Application\Seller\Logic\GoodsLogic.class.php 第 452 行.
NOTIC: [8] Use of undefined constant id - assumed 'id' C:\MyProgram\myWeb\tp_shop\Application\Seller\Logic\GoodsLogic.class.php 第 452 行.
NOTIC: [8] Use of undefined constant id - assumed 'id' C:\MyProgram\myWeb\tp_shop\Application\Seller\Logic\GoodsLogic.class.php 第 452 行.
NOTIC: [8] Use of undefined constant id - assumed 'id' C:\MyProgram\myWeb\tp_shop\Application\Seller\Logic\GoodsLogic.class.php 第 452 行.
NOTIC: [8] Use of undefined constant id - assumed 'id' C:\MyProgram\myWeb\tp_shop\Application\Seller\Logic\GoodsLogic.class.php 第 452 行.
NOTIC: [8] Use of undefined constant id - assumed 'id' C:\MyProgram\myWeb\tp_shop\Application\Seller\Logic\GoodsLogic.class.php 第 452 行.
NOTIC: [8] Use of undefined constant id - assumed 'id' C:\MyProgram\myWeb\tp_shop\Application\Seller\Logic\GoodsLogic.class.php 第 452 行.
NOTIC: [8] Use of undefined constant id - assumed 'id' C:\MyProgram\myWeb\tp_shop\Application\Seller\Logic\GoodsLogic.class.php 第 452 行.
NOTIC: [8] Use of undefined constant id - assumed 'id' C:\MyProgram\myWeb\tp_shop\Application\Seller\Logic\GoodsLogic.class.php 第 452 行.
NOTIC: [8] Use of undefined constant id - assumed 'id' C:\MyProgram\myWeb\tp_shop\Application\Seller\Logic\GoodsLogic.class.php 第 452 行.
NOTIC: [8] Use of undefined constant id - assumed 'id' C:\MyProgram\myWeb\tp_shop\Application\Seller\Logic\GoodsLogic.class.php 第 452 行.
NOTIC: [8] Use of undefined constant id - assumed 'id' C:\MyProgram\myWeb\tp_shop\Application\Seller\Logic\GoodsLogic.class.php 第 452 行.
NOTIC: [8] Use of undefined constant id - assumed 'id' C:\MyProgram\myWeb\tp_shop\Application\Seller\Logic\GoodsLogic.class.php 第 452 行.
NOTIC: [8] Use of undefined constant id - assumed 'id' C:\MyProgram\myWeb\tp_shop\Application\Seller\Logic\GoodsLogic.class.php 第 452 行.
NOTIC: [8] Use of undefined constant id - assumed 'id' C:\MyProgram\myWeb\tp_shop\Application\Seller\Logic\GoodsLogic.class.php 第 452 行.
NOTIC: [8] Use of undefined constant id - assumed 'id' C:\MyProgram\myWeb\tp_shop\Application\Seller\Logic\GoodsLogic.class.php 第 452 行.
NOTIC: [8] Use of undefined constant id - assumed 'id' C:\MyProgram\myWeb\tp_shop\Application\Seller\Logic\GoodsLogic.class.php 第 452 行.
NOTIC: [8] Use of undefined constant id - assumed 'id' C:\MyProgram\myWeb\tp_shop\Application\Seller\Logic\GoodsLogic.class.php 第 452 行.
NOTIC: [8] Use of undefined constant id - assumed 'id' C:\MyProgram\myWeb\tp_shop\Application\Seller\Logic\GoodsLogic.class.php 第 452 行.
NOTIC: [8] Use of undefined constant id - assumed 'id' C:\MyProgram\myWeb\tp_shop\Application\Seller\Logic\GoodsLogic.class.php 第 452 行.
NOTIC: [8] Use of undefined constant id - assumed 'id' C:\MyProgram\myWeb\tp_shop\Application\Seller\Logic\GoodsLogic.class.php 第 452 行.
NOTIC: [8] Use of undefined constant id - assumed 'id' C:\MyProgram\myWeb\tp_shop\Application\Seller\Logic\GoodsLogic.class.php 第 452 行.
NOTIC: [8] Use of undefined constant id - assumed 'id' C:\MyProgram\myWeb\tp_shop\Application\Seller\Logic\GoodsLogic.class.php 第 452 行.
NOTIC: [8] Use of undefined constant id - assumed 'id' C:\MyProgram\myWeb\tp_shop\Application\Seller\Logic\GoodsLogic.class.php 第 452 行.
NOTIC: [8] Use of undefined constant id - assumed 'id' C:\MyProgram\myWeb\tp_shop\Application\Seller\Logic\GoodsLogic.class.php 第 452 行.
NOTIC: [8] Use of undefined constant cat_id - assumed 'cat_id' C:\MyProgram\myWeb\tp_shop\Application\Seller\Logic\GoodsLogic.class.php 第 452 行.
NOTIC: [8] Undefined index: cat_id C:\MyProgram\myWeb\tp_shop\Application\Seller\Logic\GoodsLogic.class.php 第 452 行.
NOTIC: [8] Use of undefined constant id - assumed 'id' C:\MyProgram\myWeb\tp_shop\Application\Seller\Logic\GoodsLogic.class.php 第 452 行.
NOTIC: [8] Use of undefined constant id - assumed 'id' C:\MyProgram\myWeb\tp_shop\Application\Seller\Logic\GoodsLogic.class.php 第 452 行.
NOTIC: [8] Use of undefined constant id - assumed 'id' C:\MyProgram\myWeb\tp_shop\Application\Seller\Logic\GoodsLogic.class.php 第 452 行.
NOTIC: [8] Use of undefined constant cat_id - assumed 'cat_id' C:\MyProgram\myWeb\tp_shop\Application\Seller\Logic\GoodsLogic.class.php 第 452 行.
NOTIC: [8] Undefined index: cat_id C:\MyProgram\myWeb\tp_shop\Application\Seller\Logic\GoodsLogic.class.php 第 452 行.
NOTIC: [8] Use of undefined constant id - assumed 'id' C:\MyProgram\myWeb\tp_shop\Application\Seller\Logic\GoodsLogic.class.php 第 452 行.
NOTIC: [8] Use of undefined constant id - assumed 'id' C:\MyProgram\myWeb\tp_shop\Application\Seller\Logic\GoodsLogic.class.php 第 452 行.
NOTIC: [8] Use of undefined constant id - assumed 'id' C:\MyProgram\myWeb\tp_shop\Application\Seller\Logic\GoodsLogic.class.php 第 452 行.
NOTIC: [8] Use of undefined constant cat_id - assumed 'cat_id' C:\MyProgram\myWeb\tp_shop\Application\Seller\Logic\GoodsLogic.class.php 第 452 行.
NOTIC: [8] Undefined index: cat_id C:\MyProgram\myWeb\tp_shop\Application\Seller\Logic\GoodsLogic.class.php 第 452 行.
NOTIC: [8] Use of undefined constant id - assumed 'id' C:\MyProgram\myWeb\tp_shop\Application\Seller\Logic\GoodsLogic.class.php 第 452 行.
NOTIC: [8] Use of undefined constant id - assumed 'id' C:\MyProgram\myWeb\tp_shop\Application\Seller\Logic\GoodsLogic.class.php 第 452 行.
NOTIC: [8] Use of undefined constant cat_id - assumed 'cat_id' C:\MyProgram\myWeb\tp_shop\Application\Seller\Logic\GoodsLogic.class.php 第 452 行.
NOTIC: [8] Undefined index: cat_id C:\MyProgram\myWeb\tp_shop\Application\Seller\Logic\GoodsLogic.class.php 第 452 行.
NOTIC: [8] Use of undefined constant id - assumed 'id' C:\MyProgram\myWeb\tp_shop\Application\Seller\Logic\GoodsLogic.class.php 第 452 行.
NOTIC: [8] Use of undefined constant cat_id - assumed 'cat_id' C:\MyProgram\myWeb\tp_shop\Application\Seller\Logic\GoodsLogic.class.php 第 452 行.
NOTIC: [8] Undefined index: cat_id C:\MyProgram\myWeb\tp_shop\Application\Seller\Logic\GoodsLogic.class.php 第 452 行.
NOTIC: [8] Use of undefined constant id - assumed 'id' C:\MyProgram\myWeb\tp_shop\Application\Seller\Logic\GoodsLogic.class.php 第 452 行.
NOTIC: [8] Use of undefined constant cat_id - assumed 'cat_id' C:\MyProgram\myWeb\tp_shop\Application\Seller\Logic\GoodsLogic.class.php 第 452 行.
NOTIC: [8] Undefined index: cat_id C:\MyProgram\myWeb\tp_shop\Application\Seller\Logic\GoodsLogic.class.php 第 452 行.
NOTIC: [8] Use of undefined constant id - assumed 'id' C:\MyProgram\myWeb\tp_shop\Application\Seller\Logic\GoodsLogic.class.php 第 452 行.
NOTIC: [8] Use of undefined constant id - assumed 'id' C:\MyProgram\myWeb\tp_shop\Application\Seller\Logic\GoodsLogic.class.php 第 452 行.
NOTIC: [8] Use of undefined constant id - assumed 'id' C:\MyProgram\myWeb\tp_shop\Application\Seller\Logic\GoodsLogic.class.php 第 452 行.
NOTIC: [8] Use of undefined constant id - assumed 'id' C:\MyProgram\myWeb\tp_shop\Application\Seller\Logic\GoodsLogic.class.php 第 452 行.
NOTIC: [8] Use of undefined constant id - assumed 'id' C:\MyProgram\myWeb\tp_shop\Application\Seller\Logic\GoodsLogic.class.php 第 452 行.
NOTIC: [8] Use of undefined constant id - assumed 'id' C:\MyProgram\myWeb\tp_shop\Application\Seller\Logic\GoodsLogic.class.php 第 452 行.
NOTIC: [8] Use of undefined constant id - assumed 'id' C:\MyProgram\myWeb\tp_shop\Application\Seller\Logic\GoodsLogic.class.php 第 452 行.
NOTIC: [8] Use of undefined constant id - assumed 'id' C:\MyProgram\myWeb\tp_shop\Application\Seller\Logic\GoodsLogic.class.php 第 452 行.
NOTIC: [8] Use of undefined constant id - assumed 'id' C:\MyProgram\myWeb\tp_shop\Application\Seller\Logic\GoodsLogic.class.php 第 452 行.
NOTIC: [8] Use of undefined constant id - assumed 'id' C:\MyProgram\myWeb\tp_shop\Application\Seller\Logic\GoodsLogic.class.php 第 452 行.
NOTIC: [8] Use of undefined constant id - assumed 'id' C:\MyProgram\myWeb\tp_shop\Application\Seller\Logic\GoodsLogic.class.php 第 452 行.
NOTIC: [8] Use of undefined constant id - assumed 'id' C:\MyProgram\myWeb\tp_shop\Application\Seller\Logic\GoodsLogic.class.php 第 452 行.
NOTIC: [8] Use of undefined constant id - assumed 'id' C:\MyProgram\myWeb\tp_shop\Application\Seller\Logic\GoodsLogic.class.php 第 452 行.
NOTIC: [8] Use of undefined constant id - assumed 'id' C:\MyProgram\myWeb\tp_shop\Application\Seller\Logic\GoodsLogic.class.php 第 452 行.
NOTIC: [8] Use of undefined constant id - assumed 'id' C:\MyProgram\myWeb\tp_shop\Application\Seller\Logic\GoodsLogic.class.php 第 452 行.
NOTIC: [8] Use of undefined constant id - assumed 'id' C:\MyProgram\myWeb\tp_shop\Application\Seller\Logic\GoodsLogic.class.php 第 452 行.
NOTIC: [8] Use of undefined constant id - assumed 'id' C:\MyProgram\myWeb\tp_shop\Application\Seller\Logic\GoodsLogic.class.php 第 452 行.
NOTIC: [8] Use of undefined constant id - assumed 'id' C:\MyProgram\myWeb\tp_shop\Application\Seller\Logic\GoodsLogic.class.php 第 452 行.
NOTIC: [8] Use of undefined constant id - assumed 'id' C:\MyProgram\myWeb\tp_shop\Application\Seller\Logic\GoodsLogic.class.php 第 452 行.
NOTIC: [8] Use of undefined constant id - assumed 'id' C:\MyProgram\myWeb\tp_shop\Application\Seller\Logic\GoodsLogic.class.php 第 452 行.
NOTIC: [8] Use of undefined constant id - assumed 'id' C:\MyProgram\myWeb\tp_shop\Application\Seller\Logic\GoodsLogic.class.php 第 452 行.
NOTIC: [8] Use of undefined constant id - assumed 'id' C:\MyProgram\myWeb\tp_shop\Application\Seller\Logic\GoodsLogic.class.php 第 452 行.
NOTIC: [8] Use of undefined constant id - assumed 'id' C:\MyProgram\myWeb\tp_shop\Application\Seller\Logic\GoodsLogic.class.php 第 452 行.
NOTIC: [8] Use of undefined constant id - assumed 'id' C:\MyProgram\myWeb\tp_shop\Application\Seller\Logic\GoodsLogic.class.php 第 452 行.
NOTIC: [8] Use of undefined constant id - assumed 'id' C:\MyProgram\myWeb\tp_shop\Application\Seller\Logic\GoodsLogic.class.php 第 452 行.
NOTIC: [8] Use of undefined constant cat_id - assumed 'cat_id' C:\MyProgram\myWeb\tp_shop\Application\Seller\Logic\GoodsLogic.class.php 第 452 行.
NOTIC: [8] Undefined index: cat_id C:\MyProgram\myWeb\tp_shop\Application\Seller\Logic\GoodsLogic.class.php 第 452 行.
NOTIC: [8] Use of undefined constant id - assumed 'id' C:\MyProgram\myWeb\tp_shop\Application\Seller\Logic\GoodsLogic.class.php 第 452 行.
NOTIC: [8] Use of undefined constant id - assumed 'id' C:\MyProgram\myWeb\tp_shop\Application\Seller\Logic\GoodsLogic.class.php 第 452 行.
NOTIC: [8] Use of undefined constant id - assumed 'id' C:\MyProgram\myWeb\tp_shop\Application\Seller\Logic\GoodsLogic.class.php 第 452 行.
NOTIC: [8] Use of undefined constant id - assumed 'id' C:\MyProgram\myWeb\tp_shop\Application\Seller\Logic\GoodsLogic.class.php 第 452 行.
NOTIC: [8] Use of undefined constant id - assumed 'id' C:\MyProgram\myWeb\tp_shop\Application\Seller\Logic\GoodsLogic.class.php 第 452 行.
NOTIC: [8] Use of undefined constant id - assumed 'id' C:\MyProgram\myWeb\tp_shop\Application\Seller\Logic\GoodsLogic.class.php 第 452 行.
NOTIC: [8] Use of undefined constant cat_id - assumed 'cat_id' C:\MyProgram\myWeb\tp_shop\Application\Seller\Logic\GoodsLogic.class.php 第 452 行.
NOTIC: [8] Undefined index: cat_id C:\MyProgram\myWeb\tp_shop\Application\Seller\Logic\GoodsLogic.class.php 第 452 行.
NOTIC: [8] Use of undefined constant id - assumed 'id' C:\MyProgram\myWeb\tp_shop\Application\Seller\Logic\GoodsLogic.class.php 第 452 行.
NOTIC: [8] Use of undefined constant cat_id - assumed 'cat_id' C:\MyProgram\myWeb\tp_shop\Application\Seller\Logic\GoodsLogic.class.php 第 452 行.
NOTIC: [8] Undefined index: cat_id C:\MyProgram\myWeb\tp_shop\Application\Seller\Logic\GoodsLogic.class.php 第 452 行.
NOTIC: [8] Use of undefined constant id - assumed 'id' C:\MyProgram\myWeb\tp_shop\Application\Seller\Logic\GoodsLogic.class.php 第 452 行.
NOTIC: [8] Use of undefined constant cat_id - assumed 'cat_id' C:\MyProgram\myWeb\tp_shop\Application\Seller\Logic\GoodsLogic.class.php 第 452 行.
NOTIC: [8] Undefined index: cat_id C:\MyProgram\myWeb\tp_shop\Application\Seller\Logic\GoodsLogic.class.php 第 452 行.
NOTIC: [8] Use of undefined constant id - assumed 'id' C:\MyProgram\myWeb\tp_shop\Application\Seller\Logic\GoodsLogic.class.php 第 452 行.
NOTIC: [8] Use of undefined constant id - assumed 'id' C:\MyProgram\myWeb\tp_shop\Application\Seller\Logic\GoodsLogic.class.php 第 452 行.
NOTIC: [8] Use of undefined constant id - assumed 'id' C:\MyProgram\myWeb\tp_shop\Application\Seller\Logic\GoodsLogic.class.php 第 452 行.
NOTIC: [8] Use of undefined constant id - assumed 'id' C:\MyProgram\myWeb\tp_shop\Application\Seller\Logic\GoodsLogic.class.php 第 452 行.
NOTIC: [8] Use of undefined constant id - assumed 'id' C:\MyProgram\myWeb\tp_shop\Application\Seller\Logic\GoodsLogic.class.php 第 452 行.
NOTIC: [8] Use of undefined constant cat_id - assumed 'cat_id' C:\MyProgram\myWeb\tp_shop\Application\Seller\Logic\GoodsLogic.class.php 第 452 行.
NOTIC: [8] Undefined index: cat_id C:\MyProgram\myWeb\tp_shop\Application\Seller\Logic\GoodsLogic.class.php 第 452 行.
NOTIC: [8] Use of undefined constant id - assumed 'id' C:\MyProgram\myWeb\tp_shop\Application\Seller\Logic\GoodsLogic.class.php 第 452 行.
NOTIC: [8] Use of undefined constant id - assumed 'id' C:\MyProgram\myWeb\tp_shop\Application\Seller\Logic\GoodsLogic.class.php 第 452 行.
NOTIC: [8] Use of undefined constant id - assumed 'id' C:\MyProgram\myWeb\tp_shop\Application\Seller\Logic\GoodsLogic.class.php 第 452 行.
NOTIC: [8] Use of undefined constant id - assumed 'id' C:\MyProgram\myWeb\tp_shop\Application\Seller\Logic\GoodsLogic.class.php 第 452 行.
NOTIC: [8] Use of undefined constant id - assumed 'id' C:\MyProgram\myWeb\tp_shop\Application\Seller\Logic\GoodsLogic.class.php 第 452 行.
NOTIC: [8] Use of undefined constant id - assumed 'id' C:\MyProgram\myWeb\tp_shop\Application\Seller\Logic\GoodsLogic.class.php 第 452 行.
NOTIC: [8] Use of undefined constant id - assumed 'id' C:\MyProgram\myWeb\tp_shop\Application\Seller\Logic\GoodsLogic.class.php 第 452 行.
NOTIC: [8] Use of undefined constant id - assumed 'id' C:\MyProgram\myWeb\tp_shop\Application\Seller\Logic\GoodsLogic.class.php 第 452 行.
NOTIC: [8] Use of undefined constant id - assumed 'id' C:\MyProgram\myWeb\tp_shop\Application\Seller\Logic\GoodsLogic.class.php 第 452 行.
NOTIC: [8] Use of undefined constant id - assumed 'id' C:\MyProgram\myWeb\tp_shop\Application\Seller\Logic\GoodsLogic.class.php 第 452 行.
NOTIC: [8] Use of undefined constant cat_id - assumed 'cat_id' C:\MyProgram\myWeb\tp_shop\Application\Seller\Logic\GoodsLogic.class.php 第 452 行.
NOTIC: [8] Undefined index: cat_id C:\MyProgram\myWeb\tp_shop\Application\Seller\Logic\GoodsLogic.class.php 第 452 行.
NOTIC: [8] Use of undefined constant id - assumed 'id' C:\MyProgram\myWeb\tp_shop\Application\Seller\Logic\GoodsLogic.class.php 第 452 行.
NOTIC: [8] Use of undefined constant cat_id - assumed 'cat_id' C:\MyProgram\myWeb\tp_shop\Application\Seller\Logic\GoodsLogic.class.php 第 452 行.
NOTIC: [8] Undefined index: cat_id C:\MyProgram\myWeb\tp_shop\Application\Seller\Logic\GoodsLogic.class.php 第 452 行.
NOTIC: [8] Use of undefined constant id - assumed 'id' C:\MyProgram\myWeb\tp_shop\Application\Seller\Logic\GoodsLogic.class.php 第 452 行.
NOTIC: [8] Use of undefined constant id - assumed 'id' C:\MyProgram\myWeb\tp_shop\Application\Seller\Logic\GoodsLogic.class.php 第 452 行.
NOTIC: [8] Use of undefined constant id - assumed 'id' C:\MyProgram\myWeb\tp_shop\Application\Seller\Logic\GoodsLogic.class.php 第 452 行.
NOTIC: [8] Use of undefined constant id - assumed 'id' C:\MyProgram\myWeb\tp_shop\Application\Seller\Logic\GoodsLogic.class.php 第 452 行.
NOTIC: [8] Use of undefined constant id - assumed 'id' C:\MyProgram\myWeb\tp_shop\Application\Seller\Logic\GoodsLogic.class.php 第 452 行.
NOTIC: [8] Use of undefined constant id - assumed 'id' C:\MyProgram\myWeb\tp_shop\Application\Seller\Logic\GoodsLogic.class.php 第 452 行.
NOTIC: [8] Use of undefined constant id - assumed 'id' C:\MyProgram\myWeb\tp_shop\Application\Seller\Logic\GoodsLogic.class.php 第 452 行.
NOTIC: [8] Use of undefined constant id - assumed 'id' C:\MyProgram\myWeb\tp_shop\Application\Seller\Logic\GoodsLogic.class.php 第 452 行.
NOTIC: [8] Use of undefined constant id - assumed 'id' C:\MyProgram\myWeb\tp_shop\Application\Seller\Logic\GoodsLogic.class.php 第 452 行.
NOTIC: [8] Use of undefined constant id - assumed 'id' C:\MyProgram\myWeb\tp_shop\Application\Seller\Logic\GoodsLogic.class.php 第 452 行.
NOTIC: [8] Use of undefined constant id - assumed 'id' C:\MyProgram\myWeb\tp_shop\Application\Seller\Logic\GoodsLogic.class.php 第 452 行.
NOTIC: [8] Use of undefined constant id - assumed 'id' C:\MyProgram\myWeb\tp_shop\Application\Seller\Logic\GoodsLogic.class.php 第 452 行.
NOTIC: [8] Use of undefined constant cat_id - assumed 'cat_id' C:\MyProgram\myWeb\tp_shop\Application\Seller\Logic\GoodsLogic.class.php 第 452 行.
NOTIC: [8] Undefined index: cat_id C:\MyProgram\myWeb\tp_shop\Application\Seller\Logic\GoodsLogic.class.php 第 452 行.
NOTIC: [8] Use of undefined constant id - assumed 'id' C:\MyProgram\myWeb\tp_shop\Application\Seller\Logic\GoodsLogic.class.php 第 452 行.
NOTIC: [8] Use of undefined constant id - assumed 'id' C:\MyProgram\myWeb\tp_shop\Application\Seller\Logic\GoodsLogic.class.php 第 452 行.
NOTIC: [8] Use of undefined constant id - assumed 'id' C:\MyProgram\myWeb\tp_shop\Application\Seller\Logic\GoodsLogic.class.php 第 452 行.
NOTIC: [8] Use of undefined constant id - assumed 'id' C:\MyProgram\myWeb\tp_shop\Application\Seller\Logic\GoodsLogic.class.php 第 452 行.
NOTIC: [8] Use of undefined constant id - assumed 'id' C:\MyProgram\myWeb\tp_shop\Application\Seller\Logic\GoodsLogic.class.php 第 452 行.
NOTIC: [8] Use of undefined constant id - assumed 'id' C:\MyProgram\myWeb\tp_shop\Application\Seller\Logic\GoodsLogic.class.php 第 452 行.
NOTIC: [8] Use of undefined constant id - assumed 'id' C:\MyProgram\myWeb\tp_shop\Application\Seller\Logic\GoodsLogic.class.php 第 452 行.
NOTIC: [8] Use of undefined constant id - assumed 'id' C:\MyProgram\myWeb\tp_shop\Application\Seller\Logic\GoodsLogic.class.php 第 452 行.
NOTIC: [8] Use of undefined constant id - assumed 'id' C:\MyProgram\myWeb\tp_shop\Application\Seller\Logic\GoodsLogic.class.php 第 452 行.
NOTIC: [8] Use of undefined constant id - assumed 'id' C:\MyProgram\myWeb\tp_shop\Application\Seller\Logic\GoodsLogic.class.php 第 452 行.
NOTIC: [8] Use of undefined constant cat_id - assumed 'cat_id' C:\MyProgram\myWeb\tp_shop\Application\Seller\Logic\GoodsLogic.class.php 第 452 行.
NOTIC: [8] Undefined index: cat_id C:\MyProgram\myWeb\tp_shop\Application\Seller\Logic\GoodsLogic.class.php 第 452 行.
NOTIC: [8] Use of undefined constant id - assumed 'id' C:\MyProgram\myWeb\tp_shop\Application\Seller\Logic\GoodsLogic.class.php 第 452 行.
NOTIC: [8] Use of undefined constant id - assumed 'id' C:\MyProgram\myWeb\tp_shop\Application\Seller\Logic\GoodsLogic.class.php 第 452 行.
NOTIC: [8] Use of undefined constant id - assumed 'id' C:\MyProgram\myWeb\tp_shop\Application\Seller\Logic\GoodsLogic.class.php 第 452 行.
NOTIC: [8] Use of undefined constant id - assumed 'id' C:\MyProgram\myWeb\tp_shop\Application\Seller\Logic\GoodsLogic.class.php 第 452 行.
NOTIC: [8] Use of undefined constant id - assumed 'id' C:\MyProgram\myWeb\tp_shop\Application\Seller\Logic\GoodsLogic.class.php 第 452 行.
NOTIC: [8] Use of undefined constant id - assumed 'id' C:\MyProgram\myWeb\tp_shop\Application\Seller\Logic\GoodsLogic.class.php 第 452 行.
NOTIC: [8] Use of undefined constant id - assumed 'id' C:\MyProgram\myWeb\tp_shop\Application\Seller\Logic\GoodsLogic.class.php 第 452 行.
NOTIC: [8] Use of undefined constant id - assumed 'id' C:\MyProgram\myWeb\tp_shop\Application\Seller\Logic\GoodsLogic.class.php 第 452 行.
NOTIC: [8] Use of undefined constant id - assumed 'id' C:\MyProgram\myWeb\tp_shop\Application\Seller\Logic\GoodsLogic.class.php 第 452 行.
NOTIC: [8] Use of undefined constant cat_id - assumed 'cat_id' C:\MyProgram\myWeb\tp_shop\Application\Seller\Logic\GoodsLogic.class.php 第 452 行.
NOTIC: [8] Undefined index: cat_id C:\MyProgram\myWeb\tp_shop\Application\Seller\Logic\GoodsLogic.class.php 第 452 行.
NOTIC: [8] Use of undefined constant id - assumed 'id' C:\MyProgram\myWeb\tp_shop\Application\Seller\Logic\GoodsLogic.class.php 第 452 行.
NOTIC: [8] Use of undefined constant id - assumed 'id' C:\MyProgram\myWeb\tp_shop\Application\Seller\Logic\GoodsLogic.class.php 第 452 行.
NOTIC: [8] Use of undefined constant id - assumed 'id' C:\MyProgram\myWeb\tp_shop\Application\Seller\Logic\GoodsLogic.class.php 第 452 行.
NOTIC: [8] Use of undefined constant id - assumed 'id' C:\MyProgram\myWeb\tp_shop\Application\Seller\Logic\GoodsLogic.class.php 第 452 行.
NOTIC: [8] Use of undefined constant id - assumed 'id' C:\MyProgram\myWeb\tp_shop\Application\Seller\Logic\GoodsLogic.class.php 第 452 行.
NOTIC: [8] Use of undefined constant id - assumed 'id' C:\MyProgram\myWeb\tp_shop\Application\Seller\Logic\GoodsLogic.class.php 第 452 行.
NOTIC: [8] Use of undefined constant id - assumed 'id' C:\MyProgram\myWeb\tp_shop\Application\Seller\Logic\GoodsLogic.class.php 第 452 行.
NOTIC: [8] Use of undefined constant cat_id - assumed 'cat_id' C:\MyProgram\myWeb\tp_shop\Application\Seller\Logic\GoodsLogic.class.php 第 452 行.
NOTIC: [8] Undefined index: cat_id C:\MyProgram\myWeb\tp_shop\Application\Seller\Logic\GoodsLogic.class.php 第 452 行.
NOTIC: [8] Use of undefined constant id - assumed 'id' C:\MyProgram\myWeb\tp_shop\Application\Seller\Logic\GoodsLogic.class.php 第 452 行.
NOTIC: [8] Use of undefined constant id - assumed 'id' C:\MyProgram\myWeb\tp_shop\Application\Seller\Logic\GoodsLogic.class.php 第 452 行.
NOTIC: [8] iconv(): Detected an illegal character in input string C:\MyProgram\myWeb\tp_shop\Application\Common\Common\function.php 第 591 行.
NOTIC: [8] Use of undefined constant id - assumed 'id' C:\MyProgram\myWeb\tp_shop\Application\Seller\Logic\GoodsLogic.class.php 第 452 行.
NOTIC: [8] Use of undefined constant id - assumed 'id' C:\MyProgram\myWeb\tp_shop\Application\Seller\Logic\GoodsLogic.class.php 第 452 行.
NOTIC: [8] Use of undefined constant id - assumed 'id' C:\MyProgram\myWeb\tp_shop\Application\Seller\Logic\GoodsLogic.class.php 第 452 行.
NOTIC: [8] Use of undefined constant cat_id - assumed 'cat_id' C:\MyProgram\myWeb\tp_shop\Application\Seller\Logic\GoodsLogic.class.php 第 452 行.
NOTIC: [8] Undefined index: cat_id C:\MyProgram\myWeb\tp_shop\Application\Seller\Logic\GoodsLogic.class.php 第 452 行.
NOTIC: [8] Use of undefined constant id - assumed 'id' C:\MyProgram\myWeb\tp_shop\Application\Seller\Logic\GoodsLogic.class.php 第 452 行.
NOTIC: [8] Use of undefined constant cat_id - assumed 'cat_id' C:\MyProgram\myWeb\tp_shop\Application\Seller\Logic\GoodsLogic.class.php 第 452 行.
NOTIC: [8] Undefined index: cat_id C:\MyProgram\myWeb\tp_shop\Application\Seller\Logic\GoodsLogic.class.php 第 452 行.
NOTIC: [8] Use of undefined constant id - assumed 'id' C:\MyProgram\myWeb\tp_shop\Application\Seller\Logic\GoodsLogic.class.php 第 452 行.
NOTIC: [8] Use of undefined constant cat_id - assumed 'cat_id' C:\MyProgram\myWeb\tp_shop\Application\Seller\Logic\GoodsLogic.class.php 第 452 行.
NOTIC: [8] Undefined index: cat_id C:\MyProgram\myWeb\tp_shop\Application\Seller\Logic\GoodsLogic.class.php 第 452 行.
NOTIC: [8] Use of undefined constant id - assumed 'id' C:\MyProgram\myWeb\tp_shop\Application\Seller\Logic\GoodsLogic.class.php 第 452 行.
NOTIC: [8] Use of undefined constant id - assumed 'id' C:\MyProgram\myWeb\tp_shop\Application\Seller\Logic\GoodsLogic.class.php 第 452 行.
NOTIC: [8] Use of undefined constant id - assumed 'id' C:\MyProgram\myWeb\tp_shop\Application\Seller\Logic\GoodsLogic.class.php 第 452 行.
NOTIC: [8] Use of undefined constant cat_id - assumed 'cat_id' C:\MyProgram\myWeb\tp_shop\Application\Seller\Logic\GoodsLogic.class.php 第 452 行.
NOTIC: [8] Undefined index: cat_id C:\MyProgram\myWeb\tp_shop\Application\Seller\Logic\GoodsLogic.class.php 第 452 行.
NOTIC: [8] Use of undefined constant id - assumed 'id' C:\MyProgram\myWeb\tp_shop\Application\Seller\Logic\GoodsLogic.class.php 第 452 行.
NOTIC: [8] Use of undefined constant id - assumed 'id' C:\MyProgram\myWeb\tp_shop\Application\Seller\Logic\GoodsLogic.class.php 第 452 行.
NOTIC: [8] Use of undefined constant id - assumed 'id' C:\MyProgram\myWeb\tp_shop\Application\Seller\Logic\GoodsLogic.class.php 第 452 行.
NOTIC: [8] Use of undefined constant id - assumed 'id' C:\MyProgram\myWeb\tp_shop\Application\Seller\Logic\GoodsLogic.class.php 第 452 行.
NOTIC: [8] Use of undefined constant id - assumed 'id' C:\MyProgram\myWeb\tp_shop\Application\Seller\Logic\GoodsLogic.class.php 第 452 行.
NOTIC: [8] Use of undefined constant id - assumed 'id' C:\MyProgram\myWeb\tp_shop\Application\Seller\Logic\GoodsLogic.class.php 第 452 行.
NOTIC: [8] Use of undefined constant cat_id - assumed 'cat_id' C:\MyProgram\myWeb\tp_shop\Application\Seller\Logic\GoodsLogic.class.php 第 452 行.
NOTIC: [8] Undefined index: cat_id C:\MyProgram\myWeb\tp_shop\Application\Seller\Logic\GoodsLogic.class.php 第 452 行.
NOTIC: [8] Use of undefined constant id - assumed 'id' C:\MyProgram\myWeb\tp_shop\Application\Seller\Logic\GoodsLogic.class.php 第 452 行.
NOTIC: [8] Use of undefined constant id - assumed 'id' C:\MyProgram\myWeb\tp_shop\Application\Seller\Logic\GoodsLogic.class.php 第 452 行.
NOTIC: [8] Use of undefined constant id - assumed 'id' C:\MyProgram\myWeb\tp_shop\Application\Seller\Logic\GoodsLogic.class.php 第 452 行.
NOTIC: [8] Use of undefined constant id - assumed 'id' C:\MyProgram\myWeb\tp_shop\Application\Seller\Logic\GoodsLogic.class.php 第 452 行.
NOTIC: [8] Use of undefined constant id - assumed 'id' C:\MyProgram\myWeb\tp_shop\Application\Seller\Logic\GoodsLogic.class.php 第 452 行.
NOTIC: [8] Use of undefined constant id - assumed 'id' C:\MyProgram\myWeb\tp_shop\Application\Seller\Logic\GoodsLogic.class.php 第 452 行.
NOTIC: [8] Use of undefined constant id - assumed 'id' C:\MyProgram\myWeb\tp_shop\Application\Seller\Logic\GoodsLogic.class.php 第 452 行.
NOTIC: [8] Use of undefined constant id - assumed 'id' C:\MyProgram\myWeb\tp_shop\Application\Seller\Logic\GoodsLogic.class.php 第 452 行.
NOTIC: [8] Use of undefined constant id - assumed 'id' C:\MyProgram\myWeb\tp_shop\Application\Seller\Logic\GoodsLogic.class.php 第 452 行.
NOTIC: [8] Use of undefined constant id - assumed 'id' C:\MyProgram\myWeb\tp_shop\Application\Seller\Logic\GoodsLogic.class.php 第 452 行.
NOTIC: [8] Use of undefined constant id - assumed 'id' C:\MyProgram\myWeb\tp_shop\Application\Seller\Logic\GoodsLogic.class.php 第 452 行.
NOTIC: [8] Use of undefined constant id - assumed 'id' C:\MyProgram\myWeb\tp_shop\Application\Seller\Logic\GoodsLogic.class.php 第 452 行.
NOTIC: [8] Use of undefined constant id - assumed 'id' C:\MyProgram\myWeb\tp_shop\Application\Seller\Logic\GoodsLogic.class.php 第 452 行.
NOTIC: [8] Use of undefined constant id - assumed 'id' C:\MyProgram\myWeb\tp_shop\Application\Seller\Logic\GoodsLogic.class.php 第 452 行.
NOTIC: [8] Use of undefined constant cat_id - assumed 'cat_id' C:\MyProgram\myWeb\tp_shop\Application\Seller\Logic\GoodsLogic.class.php 第 452 行.
NOTIC: [8] Undefined index: cat_id C:\MyProgram\myWeb\tp_shop\Application\Seller\Logic\GoodsLogic.class.php 第 452 行.
NOTIC: [8] Use of undefined constant id - assumed 'id' C:\MyProgram\myWeb\tp_shop\Application\Seller\Logic\GoodsLogic.class.php 第 452 行.
NOTIC: [8] Use of undefined constant cat_id - assumed 'cat_id' C:\MyProgram\myWeb\tp_shop\Application\Seller\Logic\GoodsLogic.class.php 第 452 行.
NOTIC: [8] Undefined index: cat_id C:\MyProgram\myWeb\tp_shop\Application\Seller\Logic\GoodsLogic.class.php 第 452 行.
NOTIC: [8] Use of undefined constant id - assumed 'id' C:\MyProgram\myWeb\tp_shop\Application\Seller\Logic\GoodsLogic.class.php 第 452 行.
NOTIC: [8] Use of undefined constant id - assumed 'id' C:\MyProgram\myWeb\tp_shop\Application\Seller\Logic\GoodsLogic.class.php 第 452 行.
NOTIC: [8] Use of undefined constant id - assumed 'id' C:\MyProgram\myWeb\tp_shop\Application\Seller\Logic\GoodsLogic.class.php 第 452 行.
NOTIC: [8] Use of undefined constant id - assumed 'id' C:\MyProgram\myWeb\tp_shop\Application\Seller\Logic\GoodsLogic.class.php 第 452 行.
NOTIC: [8] Use of undefined constant id - assumed 'id' C:\MyProgram\myWeb\tp_shop\Application\Seller\Logic\GoodsLogic.class.php 第 452 行.
NOTIC: [8] Use of undefined constant id - assumed 'id' C:\MyProgram\myWeb\tp_shop\Application\Seller\Logic\GoodsLogic.class.php 第 452 行.
NOTIC: [8] Use of undefined constant id - assumed 'id' C:\MyProgram\myWeb\tp_shop\Application\Seller\Logic\GoodsLogic.class.php 第 452 行.
NOTIC: [8] Use of undefined constant id - assumed 'id' C:\MyProgram\myWeb\tp_shop\Application\Seller\Logic\GoodsLogic.class.php 第 452 行.
NOTIC: [8] Use of undefined constant id - assumed 'id' C:\MyProgram\myWeb\tp_shop\Application\Seller\Logic\GoodsLogic.class.php 第 452 行.
NOTIC: [8] Use of undefined constant cat_id - assumed 'cat_id' C:\MyProgram\myWeb\tp_shop\Application\Seller\Logic\GoodsLogic.class.php 第 452 行.
NOTIC: [8] Undefined index: cat_id C:\MyProgram\myWeb\tp_shop\Application\Seller\Logic\GoodsLogic.class.php 第 452 行.
NOTIC: [8] Use of undefined constant id - assumed 'id' C:\MyProgram\myWeb\tp_shop\Application\Seller\Logic\GoodsLogic.class.php 第 452 行.
NOTIC: [8] Use of undefined constant id - assumed 'id' C:\MyProgram\myWeb\tp_shop\Application\Seller\Logic\GoodsLogic.class.php 第 452 行.
NOTIC: [8] Use of undefined constant id - assumed 'id' C:\MyProgram\myWeb\tp_shop\Application\Seller\Logic\GoodsLogic.class.php 第 452 行.
NOTIC: [8] Use of undefined constant id - assumed 'id' C:\MyProgram\myWeb\tp_shop\Application\Seller\Logic\GoodsLogic.class.php 第 452 行.
NOTIC: [8] Use of undefined constant id - assumed 'id' C:\MyProgram\myWeb\tp_shop\Application\Seller\Logic\GoodsLogic.class.php 第 452 行.
NOTIC: [8] Use of undefined constant cat_id - assumed 'cat_id' C:\MyProgram\myWeb\tp_shop\Application\Seller\Logic\GoodsLogic.class.php 第 452 行.
NOTIC: [8] Undefined index: cat_id C:\MyProgram\myWeb\tp_shop\Application\Seller\Logic\GoodsLogic.class.php 第 452 行.
NOTIC: [8] Use of undefined constant id - assumed 'id' C:\MyProgram\myWeb\tp_shop\Application\Seller\Logic\GoodsLogic.class.php 第 452 行.
NOTIC: [8] Use of undefined constant id - assumed 'id' C:\MyProgram\myWeb\tp_shop\Application\Seller\Logic\GoodsLogic.class.php 第 452 行.
NOTIC: [8] Use of undefined constant id - assumed 'id' C:\MyProgram\myWeb\tp_shop\Application\Seller\Logic\GoodsLogic.class.php 第 452 行.
NOTIC: [8] Use of undefined constant id - assumed 'id' C:\MyProgram\myWeb\tp_shop\Application\Seller\Logic\GoodsLogic.class.php 第 452 行.
NOTIC: [8] Use of undefined constant id - assumed 'id' C:\MyProgram\myWeb\tp_shop\Application\Seller\Logic\GoodsLogic.class.php 第 452 行.
NOTIC: [8] Use of undefined constant id - assumed 'id' C:\MyProgram\myWeb\tp_shop\Application\Seller\Logic\GoodsLogic.class.php 第 452 行.
NOTIC: [8] Use of undefined constant id - assumed 'id' C:\MyProgram\myWeb\tp_shop\Application\Seller\Logic\GoodsLogic.class.php 第 452 行.
NOTIC: [8] Use of undefined constant id - assumed 'id' C:\MyProgram\myWeb\tp_shop\Application\Seller\Logic\GoodsLogic.class.php 第 452 行.
NOTIC: [8] Use of undefined constant cat_id - assumed 'cat_id' C:\MyProgram\myWeb\tp_shop\Application\Seller\Logic\GoodsLogic.class.php 第 452 行.
NOTIC: [8] Undefined index: cat_id C:\MyProgram\myWeb\tp_shop\Application\Seller\Logic\GoodsLogic.class.php 第 452 行.
NOTIC: [8] Use of undefined constant id - assumed 'id' C:\MyProgram\myWeb\tp_shop\Application\Seller\Logic\GoodsLogic.class.php 第 452 行.
NOTIC: [8] Use of undefined constant cat_id - assumed 'cat_id' C:\MyProgram\myWeb\tp_shop\Application\Seller\Logic\GoodsLogic.class.php 第 452 行.
NOTIC: [8] Undefined index: cat_id C:\MyProgram\myWeb\tp_shop\Application\Seller\Logic\GoodsLogic.class.php 第 452 行.
NOTIC: [8] Use of undefined constant id - assumed 'id' C:\MyProgram\myWeb\tp_shop\Application\Seller\Logic\GoodsLogic.class.php 第 452 行.
NOTIC: [8] Use of undefined constant id - assumed 'id' C:\MyProgram\myWeb\tp_shop\Application\Seller\Logic\GoodsLogic.class.php 第 452 行.
NOTIC: [8] Use of undefined constant id - assumed 'id' C:\MyProgram\myWeb\tp_shop\Application\Seller\Logic\GoodsLogic.class.php 第 452 行.
NOTIC: [8] Use of undefined constant id - assumed 'id' C:\MyProgram\myWeb\tp_shop\Application\Seller\Logic\GoodsLogic.class.php 第 452 行.
NOTIC: [8] Use of undefined constant id - assumed 'id' C:\MyProgram\myWeb\tp_shop\Application\Seller\Logic\GoodsLogic.class.php 第 452 行.
NOTIC: [8] Use of undefined constant id - assumed 'id' C:\MyProgram\myWeb\tp_shop\Application\Seller\Logic\GoodsLogic.class.php 第 452 行.
NOTIC: [8] Use of undefined constant id - assumed 'id' C:\MyProgram\myWeb\tp_shop\Application\Seller\Logic\GoodsLogic.class.php 第 452 行.
NOTIC: [8] Use of undefined constant id - assumed 'id' C:\MyProgram\myWeb\tp_shop\Application\Seller\Logic\GoodsLogic.class.php 第 452 行.
NOTIC: [8] Use of undefined constant id - assumed 'id' C:\MyProgram\myWeb\tp_shop\Application\Seller\Logic\GoodsLogic.class.php 第 452 行.
NOTIC: [8] Use of undefined constant cat_id - assumed 'cat_id' C:\MyProgram\myWeb\tp_shop\Application\Seller\Logic\GoodsLogic.class.php 第 452 行.
NOTIC: [8] Undefined index: cat_id C:\MyProgram\myWeb\tp_shop\Application\Seller\Logic\GoodsLogic.class.php 第 452 行.
NOTIC: [8] Use of undefined constant id - assumed 'id' C:\MyProgram\myWeb\tp_shop\Application\Seller\Logic\GoodsLogic.class.php 第 452 行.
NOTIC: [8] Use of undefined constant id - assumed 'id' C:\MyProgram\myWeb\tp_shop\Application\Seller\Logic\GoodsLogic.class.php 第 452 行.
NOTIC: [8] Use of undefined constant id - assumed 'id' C:\MyProgram\myWeb\tp_shop\Application\Seller\Logic\GoodsLogic.class.php 第 452 行.
NOTIC: [8] Use of undefined constant id - assumed 'id' C:\MyProgram\myWeb\tp_shop\Application\Seller\Logic\GoodsLogic.class.php 第 452 行.
NOTIC: [8] Use of undefined constant id - assumed 'id' C:\MyProgram\myWeb\tp_shop\Application\Seller\Logic\GoodsLogic.class.php 第 452 行.
NOTIC: [8] Use of undefined constant cat_id - assumed 'cat_id' C:\MyProgram\myWeb\tp_shop\Application\Seller\Logic\GoodsLogic.class.php 第 452 行.
NOTIC: [8] Undefined index: cat_id C:\MyProgram\myWeb\tp_shop\Application\Seller\Logic\GoodsLogic.class.php 第 452 行.
NOTIC: [8] Use of undefined constant id - assumed 'id' C:\MyProgram\myWeb\tp_shop\Application\Seller\Logic\GoodsLogic.class.php 第 452 行.
NOTIC: [8] Use of undefined constant cat_id - assumed 'cat_id' C:\MyProgram\myWeb\tp_shop\Application\Seller\Logic\GoodsLogic.class.php 第 452 行.
NOTIC: [8] Undefined index: cat_id C:\MyProgram\myWeb\tp_shop\Application\Seller\Logic\GoodsLogic.class.php 第 452 行.
NOTIC: [8] Use of undefined constant id - assumed 'id' C:\MyProgram\myWeb\tp_shop\Application\Seller\Logic\GoodsLogic.class.php 第 452 行.
NOTIC: [8] Use of undefined constant id - assumed 'id' C:\MyProgram\myWeb\tp_shop\Application\Seller\Logic\GoodsLogic.class.php 第 452 行.
NOTIC: [8] Use of undefined constant id - assumed 'id' C:\MyProgram\myWeb\tp_shop\Application\Seller\Logic\GoodsLogic.class.php 第 452 行.
NOTIC: [8] Use of undefined constant id - assumed 'id' C:\MyProgram\myWeb\tp_shop\Application\Seller\Logic\GoodsLogic.class.php 第 452 行.
NOTIC: [8] Use of undefined constant cat_id - assumed 'cat_id' C:\MyProgram\myWeb\tp_shop\Application\Seller\Logic\GoodsLogic.class.php 第 452 行.
NOTIC: [8] Undefined index: cat_id C:\MyProgram\myWeb\tp_shop\Application\Seller\Logic\GoodsLogic.class.php 第 452 行.
NOTIC: [8] Use of undefined constant id - assumed 'id' C:\MyProgram\myWeb\tp_shop\Application\Seller\Logic\GoodsLogic.class.php 第 452 行.
NOTIC: [8] Use of undefined constant cat_id - assumed 'cat_id' C:\MyProgram\myWeb\tp_shop\Application\Seller\Logic\GoodsLogic.class.php 第 452 行.
NOTIC: [8] Undefined index: cat_id C:\MyProgram\myWeb\tp_shop\Application\Seller\Logic\GoodsLogic.class.php 第 452 行.
NOTIC: [8] Use of undefined constant id - assumed 'id' C:\MyProgram\myWeb\tp_shop\Application\Seller\Logic\GoodsLogic.class.php 第 452 行.
NOTIC: [8] Use of undefined constant id - assumed 'id' C:\MyProgram\myWeb\tp_shop\Application\Seller\Logic\GoodsLogic.class.php 第 452 行.
NOTIC: [8] Use of undefined constant id - assumed 'id' C:\MyProgram\myWeb\tp_shop\Application\Seller\Logic\GoodsLogic.class.php 第 452 行.
NOTIC: [8] Use of undefined constant id - assumed 'id' C:\MyProgram\myWeb\tp_shop\Application\Seller\Logic\GoodsLogic.class.php 第 452 行.
NOTIC: [8] Use of undefined constant id - assumed 'id' C:\MyProgram\myWeb\tp_shop\Application\Seller\Logic\GoodsLogic.class.php 第 452 行.
NOTIC: [8] Use of undefined constant id - assumed 'id' C:\MyProgram\myWeb\tp_shop\Application\Seller\Logic\GoodsLogic.class.php 第 452 行.
NOTIC: [8] Use of undefined constant id - assumed 'id' C:\MyProgram\myWeb\tp_shop\Application\Seller\Logic\GoodsLogic.class.php 第 452 行.
NOTIC: [8] Use of undefined constant cat_id - assumed 'cat_id' C:\MyProgram\myWeb\tp_shop\Application\Seller\Logic\GoodsLogic.class.php 第 452 行.
NOTIC: [8] Undefined index: cat_id C:\MyProgram\myWeb\tp_shop\Application\Seller\Logic\GoodsLogic.class.php 第 452 行.
NOTIC: [8] Use of undefined constant id - assumed 'id' C:\MyProgram\myWeb\tp_shop\Application\Seller\Logic\GoodsLogic.class.php 第 452 行.
NOTIC: [8] Use of undefined constant id - assumed 'id' C:\MyProgram\myWeb\tp_shop\Application\Seller\Logic\GoodsLogic.class.php 第 452 行.
NOTIC: [8] Use of undefined constant id - assumed 'id' C:\MyProgram\myWeb\tp_shop\Application\Seller\Logic\GoodsLogic.class.php 第 452 行.
NOTIC: [8] Use of undefined constant id - assumed 'id' C:\MyProgram\myWeb\tp_shop\Application\Seller\Logic\GoodsLogic.class.php 第 452 行.
NOTIC: [8] Use of undefined constant id - assumed 'id' C:\MyProgram\myWeb\tp_shop\Application\Seller\Logic\GoodsLogic.class.php 第 452 行.
NOTIC: [8] Use of undefined constant id - assumed 'id' C:\MyProgram\myWeb\tp_shop\Application\Seller\Logic\GoodsLogic.class.php 第 452 行.
NOTIC: [8] Use of undefined constant id - assumed 'id' C:\MyProgram\myWeb\tp_shop\Application\Seller\Logic\GoodsLogic.class.php 第 452 行.
NOTIC: [8] Use of undefined constant id - assumed 'id' C:\MyProgram\myWeb\tp_shop\Application\Seller\Logic\GoodsLogic.class.php 第 452 行.
NOTIC: [8] Use of undefined constant id - assumed 'id' C:\MyProgram\myWeb\tp_shop\Application\Seller\Logic\GoodsLogic.class.php 第 452 行.
NOTIC: [8] Use of undefined constant id - assumed 'id' C:\MyProgram\myWeb\tp_shop\Application\Seller\Logic\GoodsLogic.class.php 第 452 行.
NOTIC: [8] Use of undefined constant cat_id - assumed 'cat_id' C:\MyProgram\myWeb\tp_shop\Application\Seller\Logic\GoodsLogic.class.php 第 452 行.
NOTIC: [8] Undefined index: cat_id C:\MyProgram\myWeb\tp_shop\Application\Seller\Logic\GoodsLogic.class.php 第 452 行.
NOTIC: [8] Use of undefined constant id - assumed 'id' C:\MyProgram\myWeb\tp_shop\Application\Seller\Logic\GoodsLogic.class.php 第 452 行.
NOTIC: [8] Use of undefined constant id - assumed 'id' C:\MyProgram\myWeb\tp_shop\Application\Seller\Logic\GoodsLogic.class.php 第 452 行.
NOTIC: [8] Use of undefined constant id - assumed 'id' C:\MyProgram\myWeb\tp_shop\Application\Seller\Logic\GoodsLogic.class.php 第 452 行.
NOTIC: [8] Use of undefined constant id - assumed 'id' C:\MyProgram\myWeb\tp_shop\Application\Seller\Logic\GoodsLogic.class.php 第 452 行.
NOTIC: [8] Use of undefined constant cat_id - assumed 'cat_id' C:\MyProgram\myWeb\tp_shop\Application\Seller\Logic\GoodsLogic.class.php 第 452 行.
NOTIC: [8] Undefined index: cat_id C:\MyProgram\myWeb\tp_shop\Application\Seller\Logic\GoodsLogic.class.php 第 452 行.
NOTIC: [8] Use of undefined constant id - assumed 'id' C:\MyProgram\myWeb\tp_shop\Application\Seller\Logic\GoodsLogic.class.php 第 452 行.
NOTIC: [8] Use of undefined constant id - assumed 'id' C:\MyProgram\myWeb\tp_shop\Application\Seller\Logic\GoodsLogic.class.php 第 452 行.
NOTIC: [8] Use of undefined constant id - assumed 'id' C:\MyProgram\myWeb\tp_shop\Application\Seller\Logic\GoodsLogic.class.php 第 452 行.
NOTIC: [8] Use of undefined constant id - assumed 'id' C:\MyProgram\myWeb\tp_shop\Application\Seller\Logic\GoodsLogic.class.php 第 452 行.
NOTIC: [8] Use of undefined constant id - assumed 'id' C:\MyProgram\myWeb\tp_shop\Application\Seller\Logic\GoodsLogic.class.php 第 452 行.
NOTIC: [8] Use of undefined constant id - assumed 'id' C:\MyProgram\myWeb\tp_shop\Application\Seller\Logic\GoodsLogic.class.php 第 452 行.
NOTIC: [8] Use of undefined constant id - assumed 'id' C:\MyProgram\myWeb\tp_shop\Application\Seller\Logic\GoodsLogic.class.php 第 452 行.
NOTIC: [8] Use of undefined constant id - assumed 'id' C:\MyProgram\myWeb\tp_shop\Application\Seller\Logic\GoodsLogic.class.php 第 452 行.
NOTIC: [8] Use of undefined constant id - assumed 'id' C:\MyProgram\myWeb\tp_shop\Application\Seller\Logic\GoodsLogic.class.php 第 452 行.
NOTIC: [8] Use of undefined constant id - assumed 'id' C:\MyProgram\myWeb\tp_shop\Application\Seller\Logic\GoodsLogic.class.php 第 452 行.
NOTIC: [8] Use of undefined constant id - assumed 'id' C:\MyProgram\myWeb\tp_shop\Application\Seller\Logic\GoodsLogic.class.php 第 452 行.
NOTIC: [8] Use of undefined constant id - assumed 'id' C:\MyProgram\myWeb\tp_shop\Application\Seller\Logic\GoodsLogic.class.php 第 452 行.
NOTIC: [8] Use of undefined constant id - assumed 'id' C:\MyProgram\myWeb\tp_shop\Application\Seller\Logic\GoodsLogic.class.php 第 452 行.
NOTIC: [8] Use of undefined constant id - assumed 'id' C:\MyProgram\myWeb\tp_shop\Application\Seller\Logic\GoodsLogic.class.php 第 452 行.
NOTIC: [8] Use of undefined constant cat_id - assumed 'cat_id' C:\MyProgram\myWeb\tp_shop\Application\Seller\Logic\GoodsLogic.class.php 第 452 行.
NOTIC: [8] Undefined index: cat_id C:\MyProgram\myWeb\tp_shop\Application\Seller\Logic\GoodsLogic.class.php 第 452 行.
NOTIC: [8] Use of undefined constant id - assumed 'id' C:\MyProgram\myWeb\tp_shop\Application\Seller\Logic\GoodsLogic.class.php 第 452 行.
NOTIC: [8] Use of undefined constant id - assumed 'id' C:\MyProgram\myWeb\tp_shop\Application\Seller\Logic\GoodsLogic.class.php 第 452 行.
NOTIC: [8] Use of undefined constant id - assumed 'id' C:\MyProgram\myWeb\tp_shop\Application\Seller\Logic\GoodsLogic.class.php 第 452 行.
NOTIC: [8] Use of undefined constant id - assumed 'id' C:\MyProgram\myWeb\tp_shop\Application\Seller\Logic\GoodsLogic.class.php 第 452 行.
NOTIC: [8] Use of undefined constant id - assumed 'id' C:\MyProgram\myWeb\tp_shop\Application\Seller\Logic\GoodsLogic.class.php 第 452 行.
NOTIC: [8] Use of undefined constant id - assumed 'id' C:\MyProgram\myWeb\tp_shop\Application\Seller\Logic\GoodsLogic.class.php 第 452 行.
NOTIC: [8] Use of undefined constant id - assumed 'id' C:\MyProgram\myWeb\tp_shop\Application\Seller\Logic\GoodsLogic.class.php 第 452 行.
NOTIC: [8] Use of undefined constant id - assumed 'id' C:\MyProgram\myWeb\tp_shop\Application\Seller\Logic\GoodsLogic.class.php 第 452 行.
NOTIC: [8] Use of undefined constant id - assumed 'id' C:\MyProgram\myWeb\tp_shop\Application\Seller\Logic\GoodsLogic.class.php 第 452 行.
NOTIC: [8] Use of undefined constant id - assumed 'id' C:\MyProgram\myWeb\tp_shop\Application\Seller\Logic\GoodsLogic.class.php 第 452 行.
NOTIC: [8] Use of undefined constant id - assumed 'id' C:\MyProgram\myWeb\tp_shop\Application\Seller\Logic\GoodsLogic.class.php 第 452 行.
NOTIC: [8] Use of undefined constant id - assumed 'id' C:\MyProgram\myWeb\tp_shop\Application\Seller\Logic\GoodsLogic.class.php 第 452 行.
NOTIC: [8] Use of undefined constant cat_id - assumed 'cat_id' C:\MyProgram\myWeb\tp_shop\Application\Seller\Logic\GoodsLogic.class.php 第 452 行.
NOTIC: [8] Undefined index: cat_id C:\MyProgram\myWeb\tp_shop\Application\Seller\Logic\GoodsLogic.class.php 第 452 行.
NOTIC: [8] Use of undefined constant id - assumed 'id' C:\MyProgram\myWeb\tp_shop\Application\Seller\Logic\GoodsLogic.class.php 第 452 行.
NOTIC: [8] Use of undefined constant id - assumed 'id' C:\MyProgram\myWeb\tp_shop\Application\Seller\Logic\GoodsLogic.class.php 第 452 行.
NOTIC: [8] Use of undefined constant id - assumed 'id' C:\MyProgram\myWeb\tp_shop\Application\Seller\Logic\GoodsLogic.class.php 第 452 行.
NOTIC: [8] Use of undefined constant id - assumed 'id' C:\MyProgram\myWeb\tp_shop\Application\Seller\Logic\GoodsLogic.class.php 第 452 行.
NOTIC: [8] Use of undefined constant id - assumed 'id' C:\MyProgram\myWeb\tp_shop\Application\Seller\Logic\GoodsLogic.class.php 第 452 行.
NOTIC: [8] Use of undefined constant id - assumed 'id' C:\MyProgram\myWeb\tp_shop\Application\Seller\Logic\GoodsLogic.class.php 第 452 行.
NOTIC: [8] Use of undefined constant cat_id - assumed 'cat_id' C:\MyProgram\myWeb\tp_shop\Application\Seller\Logic\GoodsLogic.class.php 第 452 行.
NOTIC: [8] Undefined index: cat_id C:\MyProgram\myWeb\tp_shop\Application\Seller\Logic\GoodsLogic.class.php 第 452 行.
NOTIC: [8] Use of undefined constant id - assumed 'id' C:\MyProgram\myWeb\tp_shop\Application\Seller\Logic\GoodsLogic.class.php 第 452 行.
NOTIC: [8] Use of undefined constant id - assumed 'id' C:\MyProgram\myWeb\tp_shop\Application\Seller\Logic\GoodsLogic.class.php 第 452 行.
NOTIC: [8] Use of undefined constant id - assumed 'id' C:\MyProgram\myWeb\tp_shop\Application\Seller\Logic\GoodsLogic.class.php 第 452 行.
NOTIC: [8] Use of undefined constant id - assumed 'id' C:\MyProgram\myWeb\tp_shop\Application\Seller\Logic\GoodsLogic.class.php 第 452 行.
NOTIC: [8] Use of undefined constant id - assumed 'id' C:\MyProgram\myWeb\tp_shop\Application\Seller\Logic\GoodsLogic.class.php 第 452 行.
NOTIC: [8] Use of undefined constant id - assumed 'id' C:\MyProgram\myWeb\tp_shop\Application\Seller\Logic\GoodsLogic.class.php 第 452 行.
NOTIC: [8] Use of undefined constant id - assumed 'id' C:\MyProgram\myWeb\tp_shop\Application\Seller\Logic\GoodsLogic.class.php 第 452 行.
NOTIC: [8] Use of undefined constant id - assumed 'id' C:\MyProgram\myWeb\tp_shop\Application\Seller\Logic\GoodsLogic.class.php 第 452 行.
NOTIC: [8] Use of undefined constant id - assumed 'id' C:\MyProgram\myWeb\tp_shop\Application\Seller\Logic\GoodsLogic.class.php 第 452 行.
NOTIC: [8] Use of undefined constant id - assumed 'id' C:\MyProgram\myWeb\tp_shop\Application\Seller\Logic\GoodsLogic.class.php 第 452 行.
NOTIC: [8] Use of undefined constant id - assumed 'id' C:\MyProgram\myWeb\tp_shop\Application\Seller\Logic\GoodsLogic.class.php 第 452 行.
NOTIC: [8] Use of undefined constant id - assumed 'id' C:\MyProgram\myWeb\tp_shop\Application\Seller\Logic\GoodsLogic.class.php 第 452 行.
NOTIC: [8] Use of undefined constant cat_id - assumed 'cat_id' C:\MyProgram\myWeb\tp_shop\Application\Seller\Logic\GoodsLogic.class.php 第 452 行.
NOTIC: [8] Undefined index: cat_id C:\MyProgram\myWeb\tp_shop\Application\Seller\Logic\GoodsLogic.class.php 第 452 行.
NOTIC: [8] Use of undefined constant id - assumed 'id' C:\MyProgram\myWeb\tp_shop\Application\Seller\Logic\GoodsLogic.class.php 第 452 行.
NOTIC: [8] Use of undefined constant id - assumed 'id' C:\MyProgram\myWeb\tp_shop\Application\Seller\Logic\GoodsLogic.class.php 第 452 行.
NOTIC: [8] Use of undefined constant id - assumed 'id' C:\MyProgram\myWeb\tp_shop\Application\Seller\Logic\GoodsLogic.class.php 第 452 行.
NOTIC: [8] Use of undefined constant id - assumed 'id' C:\MyProgram\myWeb\tp_shop\Application\Seller\Logic\GoodsLogic.class.php 第 452 行.
NOTIC: [8] Use of undefined constant id - assumed 'id' C:\MyProgram\myWeb\tp_shop\Application\Seller\Logic\GoodsLogic.class.php 第 452 行.
NOTIC: [8] Use of undefined constant id - assumed 'id' C:\MyProgram\myWeb\tp_shop\Application\Seller\Logic\GoodsLogic.class.php 第 452 行.
NOTIC: [8] Use of undefined constant id - assumed 'id' C:\MyProgram\myWeb\tp_shop\Application\Seller\Logic\GoodsLogic.class.php 第 452 行.
NOTIC: [8] Use of undefined constant cat_id - assumed 'cat_id' C:\MyProgram\myWeb\tp_shop\Application\Seller\Logic\GoodsLogic.class.php 第 452 行.
NOTIC: [8] Undefined index: cat_id C:\MyProgram\myWeb\tp_shop\Application\Seller\Logic\GoodsLogic.class.php 第 452 行.
NOTIC: [8] Use of undefined constant id - assumed 'id' C:\MyProgram\myWeb\tp_shop\Application\Seller\Logic\GoodsLogic.class.php 第 452 行.
NOTIC: [8] Use of undefined constant id - assumed 'id' C:\MyProgram\myWeb\tp_shop\Application\Seller\Logic\GoodsLogic.class.php 第 452 行.
NOTIC: [8] Use of undefined constant cat_id - assumed 'cat_id' C:\MyProgram\myWeb\tp_shop\Application\Seller\Logic\GoodsLogic.class.php 第 452 行.
NOTIC: [8] Undefined index: cat_id C:\MyProgram\myWeb\tp_shop\Application\Seller\Logic\GoodsLogic.class.php 第 452 行.
NOTIC: [8] Use of undefined constant id - assumed 'id' C:\MyProgram\myWeb\tp_shop\Application\Seller\Logic\GoodsLogic.class.php 第 452 行.
NOTIC: [8] Use of undefined constant id - assumed 'id' C:\MyProgram\myWeb\tp_shop\Application\Seller\Logic\GoodsLogic.class.php 第 452 行.
NOTIC: [8] Use of undefined constant cat_id - assumed 'cat_id' C:\MyProgram\myWeb\tp_shop\Application\Seller\Logic\GoodsLogic.class.php 第 452 行.
NOTIC: [8] Undefined index: cat_id C:\MyProgram\myWeb\tp_shop\Application\Seller\Logic\GoodsLogic.class.php 第 452 行.
NOTIC: [8] Use of undefined constant id - assumed 'id' C:\MyProgram\myWeb\tp_shop\Application\Seller\Logic\GoodsLogic.class.php 第 452 行.
NOTIC: [8] Use of undefined constant id - assumed 'id' C:\MyProgram\myWeb\tp_shop\Application\Seller\Logic\GoodsLogic.class.php 第 452 行.
NOTIC: [8] Use of undefined constant id - assumed 'id' C:\MyProgram\myWeb\tp_shop\Application\Seller\Logic\GoodsLogic.class.php 第 452 行.
NOTIC: [8] Use of undefined constant id - assumed 'id' C:\MyProgram\myWeb\tp_shop\Application\Seller\Logic\GoodsLogic.class.php 第 452 行.
NOTIC: [8] Use of undefined constant id - assumed 'id' C:\MyProgram\myWeb\tp_shop\Application\Seller\Logic\GoodsLogic.class.php 第 452 行.
NOTIC: [8] Use of undefined constant id - assumed 'id' C:\MyProgram\myWeb\tp_shop\Application\Seller\Logic\GoodsLogic.class.php 第 452 行.
NOTIC: [8] Use of undefined constant id - assumed 'id' C:\MyProgram\myWeb\tp_shop\Application\Seller\Logic\GoodsLogic.class.php 第 452 行.
NOTIC: [8] Use of undefined constant id - assumed 'id' C:\MyProgram\myWeb\tp_shop\Application\Seller\Logic\GoodsLogic.class.php 第 452 行.
NOTIC: [8] Use of undefined constant id - assumed 'id' C:\MyProgram\myWeb\tp_shop\Application\Seller\Logic\GoodsLogic.class.php 第 452 行.
NOTIC: [8] Use of undefined constant id - assumed 'id' C:\MyProgram\myWeb\tp_shop\Application\Seller\Logic\GoodsLogic.class.php 第 452 行.
NOTIC: [8] Use of undefined constant id - assumed 'id' C:\MyProgram\myWeb\tp_shop\Application\Seller\Logic\GoodsLogic.class.php 第 452 行.
INFO: [ view_begin ] --START--
INFO: Run Home\Behaviors\testBehavior [ RunTime:0.000563s ]
INFO: [ view_begin ] --END-- [ RunTime:0.000597s ]
INFO: [ view_parse ] --START--
INFO: [ template_filter ] --START--
INFO: Run Behavior\ContentReplaceBehavior [ RunTime:0.000192s ]
INFO: [ template_filter ] --END-- [ RunTime:0.000219s ]
NOTIC: [8] Undefined variable: URL_home C:\MyProgram\myWeb\tp_shop\Application\Runtime\Cache\Seller\cbd0d12d2abc83cb6bdaba68075e031d.php 第 104 行.
NOTIC: [8] Use of undefined constant is_free_shipping - assumed 'is_free_shipping' C:\MyProgram\myWeb\tp_shop\Application\Runtime\Cache\Seller\cbd0d12d2abc83cb6bdaba68075e031d.php 第 363 行.
NOTIC: [8] Use of undefined constant is_free_shipping - assumed 'is_free_shipping' C:\MyProgram\myWeb\tp_shop\Application\Runtime\Cache\Seller\cbd0d12d2abc83cb6bdaba68075e031d.php 第 364 行.
NOTIC: [8] Use of undefined constant goods_id - assumed 'goods_id' C:\MyProgram\myWeb\tp_shop\Application\Runtime\Cache\Seller\cbd0d12d2abc83cb6bdaba68075e031d.php 第 370 行.
NOTIC: [8] Use of undefined constant basic_default_storage - assumed 'basic_default_storage' C:\MyProgram\myWeb\tp_shop\Application\Runtime\Cache\Seller\cbd0d12d2abc83cb6bdaba68075e031d.php 第 372 行.
NOTIC: [8] Use of undefined constant name - assumed 'name' C:\MyProgram\myWeb\tp_shop\Application\Runtime\Cache\Seller\cbd0d12d2abc83cb6bdaba68075e031d.php 第 485 行.
NOTIC: [8] Use of undefined constant shipping_code - assumed 'shipping_code' C:\MyProgram\myWeb\tp_shop\Application\Runtime\Cache\Seller\cbd0d12d2abc83cb6bdaba68075e031d.php 第 492 行.
NOTIC: [8] Use of undefined constant code - assumed 'code' C:\MyProgram\myWeb\tp_shop\Application\Runtime\Cache\Seller\cbd0d12d2abc83cb6bdaba68075e031d.php 第 492 行.
NOTIC: [8] Use of undefined constant shipping_code - assumed 'shipping_code' C:\MyProgram\myWeb\tp_shop\Application\Runtime\Cache\Seller\cbd0d12d2abc83cb6bdaba68075e031d.php 第 492 行.
NOTIC: [8] Use of undefined constant code - assumed 'code' C:\MyProgram\myWeb\tp_shop\Application\Runtime\Cache\Seller\cbd0d12d2abc83cb6bdaba68075e031d.php 第 492 行.
NOTIC: [8] Use of undefined constant name - assumed 'name' C:\MyProgram\myWeb\tp_shop\Application\Runtime\Cache\Seller\cbd0d12d2abc83cb6bdaba68075e031d.php 第 485 行.
NOTIC: [8] Use of undefined constant shipping_code - assumed 'shipping_code' C:\MyProgram\myWeb\tp_shop\Application\Runtime\Cache\Seller\cbd0d12d2abc83cb6bdaba68075e031d.php 第 492 行.
NOTIC: [8] Use of undefined constant code - assumed 'code' C:\MyProgram\myWeb\tp_shop\Application\Runtime\Cache\Seller\cbd0d12d2abc83cb6bdaba68075e031d.php 第 492 行.
NOTIC: [8] Use of undefined constant shipping_code - assumed 'shipping_code' C:\MyProgram\myWeb\tp_shop\Application\Runtime\Cache\Seller\cbd0d12d2abc83cb6bdaba68075e031d.php 第 492 行.
NOTIC: [8] Use of undefined constant code - assumed 'code' C:\MyProgram\myWeb\tp_shop\Application\Runtime\Cache\Seller\cbd0d12d2abc83cb6bdaba68075e031d.php 第 492 行.
NOTIC: [8] Use of undefined constant name - assumed 'name' C:\MyProgram\myWeb\tp_shop\Application\Runtime\Cache\Seller\cbd0d12d2abc83cb6bdaba68075e031d.php 第 485 行.
NOTIC: [8] Use of undefined constant shipping_code - assumed 'shipping_code' C:\MyProgram\myWeb\tp_shop\Application\Runtime\Cache\Seller\cbd0d12d2abc83cb6bdaba68075e031d.php 第 492 行.
NOTIC: [8] Use of undefined constant code - assumed 'code' C:\MyProgram\myWeb\tp_shop\Application\Runtime\Cache\Seller\cbd0d12d2abc83cb6bdaba68075e031d.php 第 492 行.
NOTIC: [8] Use of undefined constant shipping_code - assumed 'shipping_code' C:\MyProgram\myWeb\tp_shop\Application\Runtime\Cache\Seller\cbd0d12d2abc83cb6bdaba68075e031d.php 第 492 行.
NOTIC: [8] Use of undefined constant code - assumed 'code' C:\MyProgram\myWeb\tp_shop\Application\Runtime\Cache\Seller\cbd0d12d2abc83cb6bdaba68075e031d.php 第 492 行.
INFO: Run Behavior\ParseTemplateBehavior [ RunTime:0.029951s ]
INFO: [ view_parse ] --END-- [ RunTime:0.029976s ]
INFO: [ view_filter ] --START--
INFO: Run Behavior\WriteHtmlCacheBehavior [ RunTime:0.000218s ]
INFO: Run Behavior\TokenBuildBehavior [ RunTime:0.003099s ]
INFO: [ view_filter ] --END-- [ RunTime:0.003349s ]
INFO: [ app_end ] --START--
INFO: Run Behavior\ShowPageTraceBehavior [ RunTime:0.000310s ]
INFO: [ app_end ] --END-- [ RunTime:0.000329s ]

[ 2018-10-12T11:04:30+08:00 ] 127.0.0.1 /index.php/Seller/Store/store_decoration
INFO: [ app_init ] --START--
INFO: Run Behavior\BuildLiteBehavior [ RunTime:0.000007s ]
INFO: [ app_init ] --END-- [ RunTime:0.004090s ]
INFO: [ app_begin ] --START--
INFO: Run Behavior\ReadHtmlCacheBehavior [ RunTime:0.000347s ]
INFO: [ app_begin ] --END-- [ RunTime:0.000378s ]
NOTIC: [2048] Declaration of Seller\Controller\StoreController::theme() should be compatible with Think\Controller::theme($theme) C:\MyProgram\myWeb\tp_shop\Application\Seller\Controller\StoreController.class.php 第 17 行.
NOTIC: [8] Undefined index: seller/store C:\MyProgram\myWeb\tp_shop\Application\Seller\Common\function.php 第 51 行.
NOTIC: [8] Undefined index: seller/store C:\MyProgram\myWeb\tp_shop\Application\Seller\Common\function.php 第 52 行.
INFO: [ view_begin ] --START--
INFO: Run Home\Behaviors\testBehavior [ RunTime:0.000590s ]
INFO: [ view_begin ] --END-- [ RunTime:0.000628s ]
INFO: [ view_parse ] --START--
INFO: [ template_filter ] --START--
INFO: Run Behavior\ContentReplaceBehavior [ RunTime:0.000037s ]
INFO: [ template_filter ] --END-- [ RunTime:0.000060s ]
NOTIC: [8] Use of undefined constant decoration_id - assumed 'decoration_id' C:\MyProgram\myWeb\tp_shop\Application\Runtime\Cache\Seller\0def690723cbb6f070dea6df5aaf31fa.php 第 122 行.
NOTIC: [8] Use of undefined constant decoration_id - assumed 'decoration_id' C:\MyProgram\myWeb\tp_shop\Application\Runtime\Cache\Seller\0def690723cbb6f070dea6df5aaf31fa.php 第 123 行.
NOTIC: [8] Use of undefined constant store_id - assumed 'store_id' C:\MyProgram\myWeb\tp_shop\Application\Runtime\Cache\Seller\0def690723cbb6f070dea6df5aaf31fa.php 第 123 行.
INFO: Run Behavior\ParseTemplateBehavior [ RunTime:0.007800s ]
INFO: [ view_parse ] --END-- [ RunTime:0.007829s ]
INFO: [ view_filter ] --START--
INFO: Run Behavior\WriteHtmlCacheBehavior [ RunTime:0.000260s ]
INFO: Run Behavior\TokenBuildBehavior [ RunTime:0.000502s ]
INFO: [ view_filter ] --END-- [ RunTime:0.000793s ]
INFO: [ app_end ] --START--
INFO: Run Behavior\ShowPageTraceBehavior [ RunTime:0.000494s ]
INFO: [ app_end ] --END-- [ RunTime:0.000513s ]

[ 2018-10-12T11:04:35+08:00 ] 127.0.0.1 /index.php/Seller/Decoration/decoration_edit/decoration_id/3
INFO: [ app_init ] --START--
INFO: Run Behavior\BuildLiteBehavior [ RunTime:0.000018s ]
INFO: [ app_init ] --END-- [ RunTime:0.000387s ]
INFO: [ app_begin ] --START--
INFO: Run Behavior\ReadHtmlCacheBehavior [ RunTime:0.000417s ]
INFO: [ app_begin ] --END-- [ RunTime:0.000486s ]
NOTIC: [8] Undefined index: seller/decoration C:\MyProgram\myWeb\tp_shop\Application\Seller\Common\function.php 第 51 行.
NOTIC: [8] Undefined index: seller/decoration C:\MyProgram\myWeb\tp_shop\Application\Seller\Common\function.php 第 52 行.
INFO: [ view_begin ] --START--
INFO: Run Home\Behaviors\testBehavior [ RunTime:0.000519s ]
INFO: [ view_begin ] --END-- [ RunTime:0.000553s ]
INFO: [ view_parse ] --START--
INFO: [ template_filter ] --START--
INFO: Run Behavior\ContentReplaceBehavior [ RunTime:0.000150s ]
INFO: [ template_filter ] --END-- [ RunTime:0.000181s ]
NOTIC: [8] Use of undefined constant block_id - assumed 'block_id' C:\MyProgram\myWeb\tp_shop\Application\Runtime\Cache\Seller\7db42b531911cd42604c166ebfd437c2.php 第 79 行.
NOTIC: [8] Use of undefined constant block_id - assumed 'block_id' C:\MyProgram\myWeb\tp_shop\Application\Runtime\Cache\Seller\7db42b531911cd42604c166ebfd437c2.php 第 79 行.
NOTIC: [8] Use of undefined constant block_full_width - assumed 'block_full_width' C:\MyProgram\myWeb\tp_shop\Application\Runtime\Cache\Seller\7db42b531911cd42604c166ebfd437c2.php 第 80 行.
NOTIC: [8] Use of undefined constant block_module_type - assumed 'block_module_type' C:\MyProgram\myWeb\tp_shop\Application\Runtime\Cache\Seller\7db42b531911cd42604c166ebfd437c2.php 第 83 行.
NOTIC: [8] Use of undefined constant block_module_type - assumed 'block_module_type' C:\MyProgram\myWeb\tp_shop\Application\Runtime\Cache\Seller\7db42b531911cd42604c166ebfd437c2.php 第 85 行.
NOTIC: [8] Use of undefined constant image_url - assumed 'image_url' C:\MyProgram\myWeb\tp_shop\Application\Runtime\Cache\Seller\7db42b531911cd42604c166ebfd437c2.php 第 88 行.
NOTIC: [8] Use of undefined constant image_url - assumed 'image_url' C:\MyProgram\myWeb\tp_shop\Application\Runtime\Cache\Seller\7db42b531911cd42604c166ebfd437c2.php 第 88 行.
NOTIC: [8] Use of undefined constant block_id - assumed 'block_id' C:\MyProgram\myWeb\tp_shop\Application\Runtime\Cache\Seller\7db42b531911cd42604c166ebfd437c2.php 第 122 行.
NOTIC: [8] Use of undefined constant block_id - assumed 'block_id' C:\MyProgram\myWeb\tp_shop\Application\Runtime\Cache\Seller\7db42b531911cd42604c166ebfd437c2.php 第 124 行.
NOTIC: [8] Use of undefined constant block_id - assumed 'block_id' C:\MyProgram\myWeb\tp_shop\Application\Runtime\Cache\Seller\7db42b531911cd42604c166ebfd437c2.php 第 79 行.
NOTIC: [8] Use of undefined constant block_id - assumed 'block_id' C:\MyProgram\myWeb\tp_shop\Application\Runtime\Cache\Seller\7db42b531911cd42604c166ebfd437c2.php 第 79 行.
NOTIC: [8] Use of undefined constant block_full_width - assumed 'block_full_width' C:\MyProgram\myWeb\tp_shop\Application\Runtime\Cache\Seller\7db42b531911cd42604c166ebfd437c2.php 第 80 行.
NOTIC: [8] Use of undefined constant block_module_type - assumed 'block_module_type' C:\MyProgram\myWeb\tp_shop\Application\Runtime\Cache\Seller\7db42b531911cd42604c166ebfd437c2.php 第 83 行.
NOTIC: [8] Use of undefined constant block_module_type - assumed 'block_module_type' C:\MyProgram\myWeb\tp_shop\Application\Runtime\Cache\Seller\7db42b531911cd42604c166ebfd437c2.php 第 85 行.
NOTIC: [8] Use of undefined constant block_module_type - assumed 'block_module_type' C:\MyProgram\myWeb\tp_shop\Application\Runtime\Cache\Seller\7db42b531911cd42604c166ebfd437c2.php 第 92 行.
NOTIC: [8] Use of undefined constant block_module_type - assumed 'block_module_type' C:\MyProgram\myWeb\tp_shop\Application\Runtime\Cache\Seller\7db42b531911cd42604c166ebfd437c2.php 第 107 行.
NOTIC: [8] Use of undefined constant block_id - assumed 'block_id' C:\MyProgram\myWeb\tp_shop\Application\Runtime\Cache\Seller\7db42b531911cd42604c166ebfd437c2.php 第 122 行.
NOTIC: [8] Use of undefined constant block_id - assumed 'block_id' C:\MyProgram\myWeb\tp_shop\Application\Runtime\Cache\Seller\7db42b531911cd42604c166ebfd437c2.php 第 124 行.
NOTIC: [8] Use of undefined constant block_id - assumed 'block_id' C:\MyProgram\myWeb\tp_shop\Application\Runtime\Cache\Seller\7db42b531911cd42604c166ebfd437c2.php 第 79 行.
NOTIC: [8] Use of undefined constant block_id - assumed 'block_id' C:\MyProgram\myWeb\tp_shop\Application\Runtime\Cache\Seller\7db42b531911cd42604c166ebfd437c2.php 第 79 行.
NOTIC: [8] Use of undefined constant block_full_width - assumed 'block_full_width' C:\MyProgram\myWeb\tp_shop\Application\Runtime\Cache\Seller\7db42b531911cd42604c166ebfd437c2.php 第 80 行.
NOTIC: [8] Use of undefined constant block_module_type - assumed 'block_module_type' C:\MyProgram\myWeb\tp_shop\Application\Runtime\Cache\Seller\7db42b531911cd42604c166ebfd437c2.php 第 83 行.
NOTIC: [8] Use of undefined constant block_module_type - assumed 'block_module_type' C:\MyProgram\myWeb\tp_shop\Application\Runtime\Cache\Seller\7db42b531911cd42604c166ebfd437c2.php 第 85 行.
NOTIC: [8] Use of undefined constant block_module_type - assumed 'block_module_type' C:\MyProgram\myWeb\tp_shop\Application\Runtime\Cache\Seller\7db42b531911cd42604c166ebfd437c2.php 第 92 行.
NOTIC: [8] Use of undefined constant block_module_type - assumed 'block_module_type' C:\MyProgram\myWeb\tp_shop\Application\Runtime\Cache\Seller\7db42b531911cd42604c166ebfd437c2.php 第 107 行.
NOTIC: [8] Use of undefined constant block_id - assumed 'block_id' C:\MyProgram\myWeb\tp_shop\Application\Runtime\Cache\Seller\7db42b531911cd42604c166ebfd437c2.php 第 122 行.
NOTIC: [8] Use of undefined constant block_id - assumed 'block_id' C:\MyProgram\myWeb\tp_shop\Application\Runtime\Cache\Seller\7db42b531911cd42604c166ebfd437c2.php 第 124 行.
NOTIC: [8] Use of undefined constant style - assumed 'style' C:\MyProgram\myWeb\tp_shop\Application\Runtime\Cache\Seller\7db42b531911cd42604c166ebfd437c2.php 第 211 行.
NOTIC: [8] Undefined variable: URL_home C:\MyProgram\myWeb\tp_shop\Application\Runtime\Cache\Seller\7db42b531911cd42604c166ebfd437c2.php 第 433 行.
INFO: Run Behavior\ParseTemplateBehavior [ RunTime:0.015821s ]
INFO: [ view_parse ] --END-- [ RunTime:0.015845s ]
INFO: [ view_filter ] --START--
INFO: Run Behavior\WriteHtmlCacheBehavior [ RunTime:0.000231s ]
INFO: Run Behavior\TokenBuildBehavior [ RunTime:0.001052s ]
INFO: [ view_filter ] --END-- [ RunTime:0.001316s ]
INFO: [ app_end ] --START--
INFO: Run Behavior\ShowPageTraceBehavior [ RunTime:0.000277s ]
INFO: [ app_end ] --END-- [ RunTime:0.000299s ]

